<?xml version="1.0" encoding="UTF-8"?>
<coverage generated="1769199723989" clover="3.2.0">
  <project timestamp="1769199723989" name="All files">
    <metrics statements="343" coveredstatements="297" conditionals="166" coveredconditionals="137" methods="60" coveredmethods="45" elements="569" coveredelements="479" complexity="0" loc="343" ncloc="343" packages="1" files="2" classes="2"/>
    <file name="index.ts" path="/Users/linjiajian/Desktop/my/my-project/uma/packages/signal/src/index.ts">
      <metrics statements="316" coveredstatements="276" conditionals="154" coveredconditionals="130" methods="53" coveredmethods="40"/>
      <line num="1" count="2" type="stmt"/>
      <line num="2" count="2" type="stmt"/>
      <line num="4" count="2" type="cond" truecount="2" falsecount="0"/>
      <line num="5" count="2" type="stmt"/>
      <line num="6" count="2" type="stmt"/>
      <line num="7" count="2" type="stmt"/>
      <line num="8" count="2" type="stmt"/>
      <line num="9" count="2" type="stmt"/>
      <line num="18" count="2" type="stmt"/>
      <line num="19" count="2" type="stmt"/>
      <line num="27" count="2" type="stmt"/>
      <line num="29" count="2" type="stmt"/>
      <line num="30" count="26" type="stmt"/>
      <line num="31" count="26" type="stmt"/>
      <line num="39" count="70" type="cond" truecount="4" falsecount="0"/>
      <line num="40" count="4" type="stmt"/>
      <line num="43" count="66" type="stmt"/>
      <line num="44" count="66" type="stmt"/>
      <line num="45" count="66" type="cond" truecount="2" falsecount="0"/>
      <line num="46" count="40" type="stmt"/>
      <line num="48" count="26" type="stmt"/>
      <line num="51" count="66" type="cond" truecount="4" falsecount="0"/>
      <line num="52" count="23" type="stmt"/>
      <line num="54" count="66" type="stmt"/>
      <line num="57" count="26" type="stmt"/>
      <line num="58" count="23" type="stmt"/>
      <line num="59" count="23" type="stmt"/>
      <line num="60" count="23" type="stmt"/>
      <line num="62" count="26" type="stmt"/>
      <line num="72" count="64" type="stmt"/>
      <line num="73" count="64" type="stmt"/>
      <line num="74" count="64" type="stmt"/>
      <line num="75" count="64" type="stmt"/>
      <line num="76" count="64" type="stmt"/>
      <line num="77" count="64" type="stmt"/>
      <line num="78" count="64" type="stmt"/>
      <line num="79" count="64" type="stmt"/>
      <line num="80" count="64" type="stmt"/>
      <line num="81" count="64" type="stmt"/>
      <line num="82" count="64" type="stmt"/>
      <line num="83" count="2" type="stmt"/>
      <line num="84" count="64" type="stmt"/>
      <line num="87" count="64" type="stmt"/>
      <line num="91" count="64" type="stmt"/>
      <line num="95" count="61" type="stmt"/>
      <line num="96" count="61" type="cond" truecount="2" falsecount="0"/>
      <line num="97" count="61" type="stmt"/>
      <line num="98" count="61" type="cond" truecount="2" falsecount="0"/>
      <line num="99" count="30" type="stmt"/>
      <line num="102" count="61" type="stmt"/>
      <line num="106" count="57" type="stmt"/>
      <line num="113" count="161" type="stmt"/>
      <line num="115" count="161" type="cond" truecount="2" falsecount="0"/>
      <line num="116" count="98" type="stmt"/>
      <line num="118" count="161" type="cond" truecount="2" falsecount="0"/>
      <line num="119" count="33" type="stmt"/>
      <line num="123" count="128" type="stmt"/>
      <line num="125" count="128" type="stmt"/>
      <line num="126" count="128" type="stmt"/>
      <line num="127" count="128" type="stmt"/>
      <line num="129" count="128" type="cond" truecount="2" falsecount="0"/>
      <line num="130" count="128" type="cond" truecount="2" falsecount="0"/>
      <line num="131" count="111" type="stmt"/>
      <line num="133" count="111" type="stmt"/>
      <line num="135" count="128" type="stmt"/>
      <line num="137" count="0" type="stmt"/>
      <line num="138" count="0" type="stmt"/>
      <line num="141" count="128" type="cond" truecount="4" falsecount="0"/>
      <line num="142" count="128" type="stmt"/>
      <line num="143" count="128" type="stmt"/>
      <line num="149" count="58" type="stmt"/>
      <line num="151" count="58" type="cond" truecount="2" falsecount="0"/>
      <line num="152" count="33" type="stmt"/>
      <line num="154" count="25" type="stmt"/>
      <line num="166" count="92" type="cond" truecount="5" falsecount="0"/>
      <line num="167" count="29" type="stmt"/>
      <line num="169" count="63" type="stmt"/>
      <line num="172" count="92" type="stmt"/>
      <line num="174" count="92" type="stmt"/>
      <line num="177" count="92" type="cond" truecount="2" falsecount="0"/>
      <line num="180" count="63" type="cond" truecount="1" falsecount="1"/>
      <line num="181" count="63" type="stmt"/>
      <line num="182" count="63" type="cond" truecount="4" falsecount="0"/>
      <line num="183" count="63" type="stmt"/>
      <line num="185" count="63" type="stmt"/>
      <line num="188" count="63" type="cond" truecount="2" falsecount="0"/>
      <line num="189" count="51" type="stmt"/>
      <line num="191" count="63" type="stmt"/>
      <line num="192" count="63" type="stmt"/>
      <line num="194" count="63" type="stmt"/>
      <line num="197" count="0" type="cond" truecount="0" falsecount="2"/>
      <line num="198" count="0" type="stmt"/>
      <line num="200" count="92" type="stmt"/>
      <line num="201" count="92" type="stmt"/>
      <line num="202" count="92" type="stmt"/>
      <line num="205" count="25" type="stmt"/>
      <line num="209" count="156" type="cond" truecount="1" falsecount="1"/>
      <line num="210" count="0" type="stmt"/>
      <line num="214" count="156" type="cond" truecount="5" falsecount="0"/>
      <line num="215" count="98" type="stmt"/>
      <line num="218" count="58" type="stmt"/>
      <line num="222" count="51" type="stmt"/>
      <line num="223" count="51" type="stmt"/>
      <line num="224" count="43" type="stmt"/>
      <line num="225" count="43" type="stmt"/>
      <line num="226" count="43" type="stmt"/>
      <line num="227" count="43" type="stmt"/>
      <line num="232" count="26" type="cond" truecount="3" falsecount="1"/>
      <line num="233" count="0" type="stmt"/>
      <line num="235" count="26" type="stmt"/>
      <line num="237" count="26" type="stmt"/>
      <line num="238" count="26" type="stmt"/>
      <line num="239" count="26" type="stmt"/>
      <line num="243" count="129" type="cond" truecount="2" falsecount="0"/>
      <line num="244" count="26" type="stmt"/>
      <line num="246" count="103" type="stmt"/>
      <line num="250" count="23" type="cond" truecount="2" falsecount="0"/>
      <line num="254" count="312" type="cond" truecount="2" falsecount="0"/>
      <line num="274" count="2" type="stmt"/>
      <line num="284" count="52" type="stmt"/>
      <line num="285" count="52" type="stmt"/>
      <line num="287" count="52" type="cond" truecount="2" falsecount="0"/>
      <line num="288" count="52" type="cond" truecount="2" falsecount="0"/>
      <line num="290" count="52" type="cond" truecount="2" falsecount="0"/>
      <line num="291" count="52" type="cond" truecount="2" falsecount="0"/>
      <line num="293" count="52" type="stmt"/>
      <line num="294" count="163" type="cond" truecount="3" falsecount="1"/>
      <line num="299" count="163" type="stmt"/>
      <line num="300" count="163" type="stmt"/>
      <line num="301" count="163" type="cond" truecount="4" falsecount="0"/>
      <line num="302" count="104" type="stmt"/>
      <line num="303" count="104" type="stmt"/>
      <line num="304" count="104" type="stmt"/>
      <line num="307" count="59" type="stmt"/>
      <line num="308" count="163" type="cond" truecount="4" falsecount="0"/>
      <line num="316" count="163" type="stmt"/>
      <line num="318" count="163" type="cond" truecount="2" falsecount="0"/>
      <line num="319" count="52" type="stmt"/>
      <line num="321" count="111" type="stmt"/>
      <line num="322" count="111" type="stmt"/>
      <line num="324" count="111" type="cond" truecount="4" falsecount="0"/>
      <line num="326" count="7" type="stmt"/>
      <line num="327" count="7" type="stmt"/>
      <line num="328" count="7" type="stmt"/>
      <line num="331" count="104" type="stmt"/>
      <line num="338" count="128" type="cond" truecount="2" falsecount="0"/>
      <line num="340" count="111" type="stmt"/>
      <line num="341" count="111" type="stmt"/>
      <line num="342" count="111" type="stmt"/>
      <line num="344" count="111" type="stmt"/>
      <line num="346" count="111" type="cond" truecount="2" falsecount="0"/>
      <line num="348" count="111" type="cond" truecount="1" falsecount="1"/>
      <line num="350" count="111" type="cond" truecount="2" falsecount="0"/>
      <line num="351" count="73" type="stmt"/>
      <line num="353" count="73" type="stmt"/>
      <line num="354" count="73" type="stmt"/>
      <line num="355" count="73" type="cond" truecount="2" falsecount="0"/>
      <line num="356" count="73" type="cond" truecount="2" falsecount="0"/>
      <line num="359" count="38" type="cond" truecount="2" falsecount="0"/>
      <line num="360" count="34" type="stmt"/>
      <line num="366" count="4" type="stmt"/>
      <line num="367" count="4" type="stmt"/>
      <line num="368" count="4" type="stmt"/>
      <line num="369" count="4" type="cond" truecount="1" falsecount="1"/>
      <line num="370" count="4" type="stmt"/>
      <line num="373" count="111" type="stmt"/>
      <line num="374" count="111" type="stmt"/>
      <line num="379" count="5" type="stmt"/>
      <line num="380" count="5" type="stmt"/>
      <line num="381" count="5" type="stmt"/>
      <line num="382" count="5" type="stmt"/>
      <line num="383" count="5" type="stmt"/>
      <line num="384" count="5" type="stmt"/>
      <line num="385" count="5" type="stmt"/>
      <line num="388" count="5" type="cond" truecount="1" falsecount="1"/>
      <line num="389" count="0" type="stmt"/>
      <line num="392" count="5" type="stmt"/>
      <line num="394" count="5" type="cond" truecount="1" falsecount="1"/>
      <line num="395" count="0" type="stmt"/>
      <line num="398" count="5" type="stmt"/>
      <line num="405" count="5" type="cond" truecount="1" falsecount="1"/>
      <line num="406" count="5" type="stmt"/>
      <line num="409" count="0" type="stmt"/>
      <line num="411" count="5" type="cond" truecount="2" falsecount="0"/>
      <line num="412" count="1" type="stmt"/>
      <line num="418" count="128" type="stmt"/>
      <line num="419" count="128" type="stmt"/>
      <line num="420" count="5" type="stmt"/>
      <line num="421" count="5" type="stmt"/>
      <line num="422" count="5" type="stmt"/>
      <line num="427" count="0" type="stmt"/>
      <line num="428" count="0" type="stmt"/>
      <line num="429" count="0" type="stmt"/>
      <line num="430" count="0" type="stmt"/>
      <line num="431" count="0" type="stmt"/>
      <line num="437" count="77" type="cond" truecount="2" falsecount="0"/>
      <line num="438" count="45" type="stmt"/>
      <line num="440" count="77" type="stmt"/>
      <line num="441" count="77" type="stmt"/>
      <line num="445" count="77" type="cond" truecount="2" falsecount="0"/>
      <line num="446" count="61" type="stmt"/>
      <line num="448" count="77" type="stmt"/>
      <line num="449" count="77" type="stmt"/>
      <line num="454" count="32" type="cond" truecount="3" falsecount="1"/>
      <line num="455" count="32" type="stmt"/>
      <line num="456" count="32" type="stmt"/>
      <line num="461" count="12" type="cond" truecount="3" falsecount="1"/>
      <line num="462" count="12" type="stmt"/>
      <line num="463" count="12" type="stmt"/>
      <line num="467" count="0" type="stmt"/>
      <line num="468" count="0" type="stmt"/>
      <line num="469" count="0" type="stmt"/>
      <line num="470" count="0" type="stmt"/>
      <line num="474" count="4" type="stmt"/>
      <line num="475" count="4" type="stmt"/>
      <line num="476" count="4" type="stmt"/>
      <line num="477" count="4" type="stmt"/>
      <line num="481" count="77" type="stmt"/>
      <line num="483" count="77" type="stmt"/>
      <line num="485" count="77" type="stmt"/>
      <line num="488" count="77" type="stmt"/>
      <line num="490" count="77" type="stmt"/>
      <line num="492" count="77" type="stmt"/>
      <line num="498" count="2" type="cond" truecount="2" falsecount="0"/>
      <line num="499" count="2" type="stmt"/>
      <line num="500" count="2" type="stmt"/>
      <line num="501" count="2" type="stmt"/>
      <line num="502" count="2" type="stmt"/>
      <line num="505" count="2" type="stmt"/>
      <line num="511" count="2" type="stmt"/>
      <line num="514" count="23" type="stmt"/>
      <line num="515" count="23" type="stmt"/>
      <line num="518" count="2" type="stmt"/>
      <line num="520" count="1" type="stmt"/>
      <line num="521" count="1" type="stmt"/>
      <line num="526" count="2" type="cond" truecount="1" falsecount="1"/>
      <line num="527" count="2" type="stmt"/>
      <line num="528" count="2" type="stmt"/>
      <line num="529" count="2" type="stmt"/>
      <line num="530" count="0" type="stmt"/>
      <line num="531" count="0" type="stmt"/>
      <line num="536" count="0" type="cond" truecount="0" falsecount="2"/>
      <line num="537" count="0" type="stmt"/>
      <line num="538" count="0" type="stmt"/>
      <line num="540" count="0" type="stmt"/>
      <line num="541" count="0" type="stmt"/>
      <line num="545" count="0" type="stmt"/>
      <line num="546" count="0" type="stmt"/>
      <line num="550" count="2" type="stmt"/>
      <line num="551" count="2" type="cond" truecount="2" falsecount="0"/>
      <line num="552" count="2" type="stmt"/>
      <line num="554" count="2" type="stmt"/>
      <line num="555" count="2" type="cond" truecount="1" falsecount="1"/>
      <line num="556" count="2" type="stmt"/>
      <line num="559" count="2" type="stmt"/>
      <line num="560" count="2" type="stmt"/>
      <line num="561" count="2" type="stmt"/>
      <line num="562" count="2" type="stmt"/>
      <line num="563" count="2" type="stmt"/>
      <line num="564" count="3" type="stmt"/>
      <line num="565" count="3" type="stmt"/>
      <line num="567" count="1" type="stmt"/>
      <line num="568" count="1" type="stmt"/>
      <line num="570" count="3" type="stmt"/>
      <line num="571" count="3" type="stmt"/>
      <line num="573" count="3" type="stmt"/>
      <line num="577" count="1" type="cond" truecount="2" falsecount="0"/>
      <line num="578" count="1" type="cond" truecount="2" falsecount="0"/>
      <line num="580" count="1" type="stmt"/>
      <line num="581" count="1" type="stmt"/>
      <line num="582" count="1" type="stmt"/>
      <line num="583" count="1" type="stmt"/>
      <line num="587" count="1" type="cond" truecount="1" falsecount="1"/>
      <line num="588" count="0" type="stmt"/>
      <line num="589" count="0" type="stmt"/>
      <line num="593" count="1" type="cond" truecount="1" falsecount="1"/>
      <line num="596" count="1" type="stmt"/>
      <line num="597" count="1" type="stmt"/>
      <line num="599" count="0" type="cond" truecount="0" falsecount="2"/>
      <line num="600" count="0" type="stmt"/>
      <line num="601" count="0" type="stmt"/>
      <line num="602" count="0" type="stmt"/>
      <line num="609" count="2" type="stmt"/>
      <line num="610" count="2" type="stmt"/>
      <line num="611" count="2" type="stmt"/>
      <line num="612" count="0" type="stmt"/>
      <line num="613" count="0" type="stmt"/>
      <line num="614" count="0" type="stmt"/>
      <line num="617" count="2" type="stmt"/>
      <line num="629" count="2" type="stmt"/>
      <line num="630" count="0" type="cond" truecount="0" falsecount="1"/>
      <line num="631" count="0" type="stmt"/>
      <line num="632" count="0" type="stmt"/>
      <line num="641" count="2" type="cond" truecount="1" falsecount="0"/>
      <line num="643" count="61" type="cond" truecount="2" falsecount="0"/>
      <line num="644" count="31" type="stmt"/>
      <line num="645" count="31" type="stmt"/>
      <line num="647" count="30" type="stmt"/>
      <line num="649" count="61" type="stmt"/>
      <line num="650" count="61" type="stmt"/>
      <line num="651" count="61" type="stmt"/>
      <line num="652" count="61" type="stmt"/>
      <line num="653" count="61" type="stmt"/>
      <line num="655" count="53" type="stmt"/>
      <line num="658" count="0" type="stmt"/>
      <line num="661" count="61" type="stmt"/>
      <line num="665" count="2" type="stmt"/>
      <line num="666" count="8" type="stmt"/>
      <line num="667" count="8" type="stmt"/>
      <line num="668" count="20" type="stmt"/>
      <line num="669" count="23" type="stmt"/>
      <line num="671" count="20" type="cond" truecount="2" falsecount="0"/>
      <line num="672" count="12" type="stmt"/>
      <line num="674" count="20" type="stmt"/>
      <line num="676" count="8" type="stmt"/>
      <line num="677" count="8" type="stmt"/>
    </file>
    <file name="scheduler.ts" path="/Users/linjiajian/Desktop/my/my-project/uma/packages/signal/src/scheduler.ts">
      <metrics statements="27" coveredstatements="21" conditionals="12" coveredconditionals="7" methods="7" coveredmethods="5"/>
      <line num="1" count="2" type="stmt"/>
      <line num="2" count="2" type="stmt"/>
      <line num="5" count="2" type="cond" truecount="1" falsecount="1"/>
      <line num="6" count="0" type="stmt"/>
      <line num="7" count="0" type="stmt"/>
      <line num="8" count="0" type="stmt"/>
      <line num="12" count="2" type="stmt"/>
      <line num="13" count="2" type="stmt"/>
      <line num="18" count="2" type="stmt"/>
      <line num="20" count="2" type="stmt"/>
      <line num="21" count="2" type="stmt"/>
      <line num="24" count="1" type="stmt"/>
      <line num="25" count="1" type="stmt"/>
      <line num="26" count="1" type="cond" truecount="1" falsecount="1"/>
      <line num="27" count="1" type="stmt"/>
      <line num="28" count="1" type="stmt"/>
      <line num="33" count="1" type="stmt"/>
      <line num="34" count="1" type="stmt"/>
      <line num="35" count="1" type="stmt"/>
      <line num="36" count="1" type="cond" truecount="1" falsecount="1"/>
      <line num="38" count="1" type="stmt"/>
      <line num="41" count="1" type="cond" truecount="1" falsecount="1"/>
      <line num="42" count="0" type="stmt"/>
      <line num="43" count="0" type="stmt"/>
      <line num="47" count="1" type="stmt"/>
      <line num="48" count="1" type="cond" truecount="1" falsecount="1"/>
      <line num="51" count="0" type="stmt"/>
    </file>
  </project>
</coverage>
