{"/Users/linjiajian/Desktop/my/my-project/uma/packages/signal/src/index.ts": {"path":"/Users/linjiajian/Desktop/my/my-project/uma/packages/signal/src/index.ts","statementMap":{"0":{"start":{"line":1,"column":0},"end":{"line":1,"column":59}},"1":{"start":{"line":2,"column":0},"end":{"line":2,"column":43}},"2":{"start":{"line":4,"column":0},"end":{"line":4,"column":null}},"3":{"start":{"line":5,"column":2},"end":{"line":5,"column":null}},"4":{"start":{"line":6,"column":2},"end":{"line":6,"column":null}},"5":{"start":{"line":7,"column":2},"end":{"line":7,"column":null}},"6":{"start":{"line":8,"column":2},"end":{"line":8,"column":null}},"7":{"start":{"line":9,"column":2},"end":{"line":9,"column":null}},"8":{"start":{"line":18,"column":14},"end":{"line":18,"column":15}},"9":{"start":{"line":19,"column":9},"end":{"line":19,"column":10}},"10":{"start":{"line":27,"column":19},"end":{"line":27,"column":40}},"11":{"start":{"line":29,"column":17},"end":{"line":63,"column":1}},"12":{"start":{"line":30,"column":14},"end":{"line":30,"column":15}},"13":{"start":{"line":31,"column":2},"end":{"line":56,"column":5}},"14":{"start":{"line":39,"column":6},"end":{"line":41,"column":7}},"15":{"start":{"line":40,"column":8},"end":{"line":40,"column":20}},"16":{"start":{"line":43,"column":23},"end":{"line":43,"column":32}},"17":{"start":{"line":44,"column":21},"end":{"line":44,"column":36}},"18":{"start":{"line":45,"column":6},"end":{"line":49,"column":7}},"19":{"start":{"line":46,"column":8},"end":{"line":46,"column":36}},"20":{"start":{"line":48,"column":8},"end":{"line":48,"column":34}},"21":{"start":{"line":51,"column":6},"end":{"line":53,"column":7}},"22":{"start":{"line":52,"column":8},"end":{"line":52,"column":45}},"23":{"start":{"line":54,"column":6},"end":{"line":54,"column":14}},"24":{"start":{"line":57,"column":2},"end":{"line":61,"column":3}},"25":{"start":{"line":58,"column":20},"end":{"line":58,"column":40}},"26":{"start":{"line":59,"column":22},"end":{"line":59,"column":37}},"27":{"start":{"line":60,"column":4},"end":{"line":60,"column":23}},"28":{"start":{"line":62,"column":2},"end":{"line":62,"column":21}},"29":{"start":{"line":87,"column":4},"end":{"line":87,"column":null}},"30":{"start":{"line":91,"column":4},"end":{"line":91,"column":null}},"31":{"start":{"line":72,"column":2},"end":{"line":72,"column":null}},"32":{"start":{"line":73,"column":2},"end":{"line":73,"column":null}},"33":{"start":{"line":74,"column":2},"end":{"line":74,"column":null}},"34":{"start":{"line":75,"column":2},"end":{"line":75,"column":null}},"35":{"start":{"line":76,"column":2},"end":{"line":76,"column":null}},"36":{"start":{"line":77,"column":2},"end":{"line":77,"column":null}},"37":{"start":{"line":78,"column":2},"end":{"line":78,"column":null}},"38":{"start":{"line":79,"column":2},"end":{"line":79,"column":null}},"39":{"start":{"line":80,"column":2},"end":{"line":80,"column":null}},"40":{"start":{"line":81,"column":2},"end":{"line":81,"column":null}},"41":{"start":{"line":82,"column":2},"end":{"line":82,"column":null}},"42":{"start":{"line":84,"column":2},"end":{"line":84,"column":null}},"43":{"start":{"line":95,"column":14},"end":{"line":95,"column":47}},"44":{"start":{"line":96,"column":4},"end":{"line":96,"column":44}},"45":{"start":{"line":97,"column":4},"end":{"line":97,"column":27}},"46":{"start":{"line":98,"column":4},"end":{"line":101,"column":5}},"47":{"start":{"line":99,"column":6},"end":{"line":99,"column":35}},"48":{"start":{"line":102,"column":4},"end":{"line":102,"column":13}},"49":{"start":{"line":106,"column":4},"end":{"line":106,"column":26}},"50":{"start":{"line":113,"column":21},"end":{"line":113,"column":35}},"51":{"start":{"line":115,"column":4},"end":{"line":117,"column":5}},"52":{"start":{"line":116,"column":6},"end":{"line":116,"column":34}},"53":{"start":{"line":118,"column":4},"end":{"line":120,"column":5}},"54":{"start":{"line":119,"column":6},"end":{"line":119,"column":24}},"55":{"start":{"line":123,"column":4},"end":{"line":123,"column":28}},"56":{"start":{"line":125,"column":4},"end":{"line":125,"column":26}},"57":{"start":{"line":126,"column":4},"end":{"line":144,"column":5}},"58":{"start":{"line":127,"column":16},"end":{"line":127,"column":27}},"59":{"start":{"line":129,"column":6},"end":{"line":129,"column":55}},"60":{"start":{"line":130,"column":6},"end":{"line":134,"column":7}},"61":{"start":{"line":131,"column":8},"end":{"line":131,"column":23}},"62":{"start":{"line":133,"column":8},"end":{"line":133,"column":31}},"63":{"start":{"line":135,"column":6},"end":{"line":135,"column":24}},"64":{"start":{"line":137,"column":6},"end":{"line":137,"column":51}},"65":{"start":{"line":138,"column":6},"end":{"line":138,"column":24}},"66":{"start":{"line":141,"column":20},"end":{"line":141,"column":44}},"67":{"start":{"line":142,"column":6},"end":{"line":142,"column":28}},"68":{"start":{"line":143,"column":6},"end":{"line":143,"column":34}},"69":{"start":{"line":149,"column":19},"end":{"line":149,"column":23}},"70":{"start":{"line":151,"column":4},"end":{"line":153,"column":5}},"71":{"start":{"line":152,"column":6},"end":{"line":152,"column":24}},"72":{"start":{"line":154,"column":4},"end":{"line":204,"column":7}},"73":{"start":{"line":166,"column":8},"end":{"line":168,"column":9}},"74":{"start":{"line":167,"column":10},"end":{"line":167,"column":22}},"75":{"start":{"line":169,"column":8},"end":{"line":169,"column":34}},"76":{"start":{"line":172,"column":26},"end":{"line":172,"column":31}},"77":{"start":{"line":174,"column":21},"end":{"line":174,"column":54}},"78":{"start":{"line":177,"column":8},"end":{"line":199,"column":9}},"79":{"start":{"line":180,"column":13},"end":{"line":199,"column":9}},"80":{"start":{"line":181,"column":30},"end":{"line":181,"column":44}},"81":{"start":{"line":182,"column":10},"end":{"line":182,"column":54}},"82":{"start":{"line":183,"column":30},"end":{"line":183,"column":42}},"83":{"start":{"line":185,"column":10},"end":{"line":185,"column":34}},"84":{"start":{"line":188,"column":10},"end":{"line":190,"column":11}},"85":{"start":{"line":189,"column":12},"end":{"line":189,"column":40}},"86":{"start":{"line":191,"column":10},"end":{"line":191,"column":37}},"87":{"start":{"line":192,"column":10},"end":{"line":192,"column":39}},"88":{"start":{"line":194,"column":10},"end":{"line":194,"column":29}},"89":{"start":{"line":197,"column":13},"end":{"line":199,"column":9}},"90":{"start":{"line":198,"column":10},"end":{"line":198,"column":35}},"91":{"start":{"line":200,"column":8},"end":{"line":200,"column":31}},"92":{"start":{"line":201,"column":8},"end":{"line":201,"column":35}},"93":{"start":{"line":202,"column":8},"end":{"line":202,"column":27}},"94":{"start":{"line":205,"column":4},"end":{"line":205,"column":22}},"95":{"start":{"line":209,"column":4},"end":{"line":211,"column":5}},"96":{"start":{"line":210,"column":6},"end":{"line":210,"column":24}},"97":{"start":{"line":214,"column":4},"end":{"line":216,"column":5}},"98":{"start":{"line":215,"column":6},"end":{"line":215,"column":36}},"99":{"start":{"line":218,"column":4},"end":{"line":218,"column":27}},"100":{"start":{"line":222,"column":16},"end":{"line":222,"column":30}},"101":{"start":{"line":223,"column":4},"end":{"line":228,"column":5}},"102":{"start":{"line":224,"column":25},"end":{"line":224,"column":51}},"103":{"start":{"line":225,"column":6},"end":{"line":225,"column":38}},"104":{"start":{"line":226,"column":6},"end":{"line":226,"column":41}},"105":{"start":{"line":227,"column":6},"end":{"line":227,"column":33}},"106":{"start":{"line":232,"column":4},"end":{"line":234,"column":5}},"107":{"start":{"line":233,"column":6},"end":{"line":233,"column":13}},"108":{"start":{"line":235,"column":4},"end":{"line":235,"column":23}},"109":{"start":{"line":237,"column":4},"end":{"line":237,"column":34}},"110":{"start":{"line":238,"column":4},"end":{"line":238,"column":14}},"111":{"start":{"line":239,"column":4},"end":{"line":239,"column":26}},"112":{"start":{"line":243,"column":4},"end":{"line":245,"column":5}},"113":{"start":{"line":244,"column":6},"end":{"line":244,"column":38}},"114":{"start":{"line":246,"column":4},"end":{"line":246,"column":22}},"115":{"start":{"line":250,"column":4},"end":{"line":250,"column":61}},"116":{"start":{"line":254,"column":4},"end":{"line":254,"column":46}},"117":{"start":{"line":83,"column":9},"end":{"line":83,"column":27}},"118":{"start":{"line":274,"column":22},"end":{"line":279,"column":2}},"119":{"start":{"line":284,"column":59},"end":{"line":284,"column":87}},"120":{"start":{"line":285,"column":13},"end":{"line":285,"column":14}},"121":{"start":{"line":287,"column":18},"end":{"line":287,"column":49}},"122":{"start":{"line":288,"column":18},"end":{"line":288,"column":50}},"123":{"start":{"line":290,"column":22},"end":{"line":290,"column":59}},"124":{"start":{"line":291,"column":25},"end":{"line":291,"column":57}},"125":{"start":{"line":293,"column":2},"end":{"line":333,"column":3}},"126":{"start":{"line":294,"column":20},"end":{"line":298,"column":6}},"127":{"start":{"line":299,"column":4},"end":{"line":299,"column":25}},"128":{"start":{"line":300,"column":4},"end":{"line":300,"column":25}},"129":{"start":{"line":301,"column":4},"end":{"line":305,"column":5}},"130":{"start":{"line":302,"column":25},"end":{"line":302,"column":38}},"131":{"start":{"line":303,"column":6},"end":{"line":303,"column":24}},"132":{"start":{"line":304,"column":6},"end":{"line":304,"column":15}},"133":{"start":{"line":307,"column":4},"end":{"line":332,"column":5}},"134":{"start":{"line":308,"column":26},"end":{"line":313,"column":8}},"135":{"start":{"line":316,"column":6},"end":{"line":316,"column":29}},"136":{"start":{"line":318,"column":6},"end":{"line":320,"column":7}},"137":{"start":{"line":319,"column":8},"end":{"line":319,"column":15}},"138":{"start":{"line":321,"column":6},"end":{"line":321,"column":24}},"139":{"start":{"line":322,"column":23},"end":{"line":322,"column":40}},"140":{"start":{"line":324,"column":6},"end":{"line":329,"column":7}},"141":{"start":{"line":326,"column":8},"end":{"line":326,"column":24}},"142":{"start":{"line":327,"column":8},"end":{"line":327,"column":33}},"143":{"start":{"line":328,"column":8},"end":{"line":328,"column":14}},"144":{"start":{"line":331,"column":6},"end":{"line":331,"column":34}},"145":{"start":{"line":338,"column":4},"end":{"line":338,"column":20}},"146":{"start":{"line":338,"column":13},"end":{"line":338,"column":20}},"147":{"start":{"line":340,"column":22},"end":{"line":340,"column":24}},"148":{"start":{"line":341,"column":29},"end":{"line":341,"column":31}},"149":{"start":{"line":342,"column":17},"end":{"line":342,"column":24}},"150":{"start":{"line":344,"column":13},"end":{"line":344,"column":46}},"151":{"start":{"line":346,"column":4},"end":{"line":346,"column":28}},"152":{"start":{"line":348,"column":28},"end":{"line":348,"column":40}},"153":{"start":{"line":350,"column":4},"end":{"line":371,"column":5}},"154":{"start":{"line":351,"column":6},"end":{"line":351,"column":24}},"155":{"start":{"line":353,"column":6},"end":{"line":353,"column":31}},"156":{"start":{"line":354,"column":6},"end":{"line":354,"column":30}},"157":{"start":{"line":355,"column":6},"end":{"line":355,"column":52}},"158":{"start":{"line":356,"column":6},"end":{"line":356,"column":52}},"159":{"start":{"line":359,"column":9},"end":{"line":371,"column":5}},"160":{"start":{"line":360,"column":6},"end":{"line":360,"column":30}},"161":{"start":{"line":366,"column":6},"end":{"line":366,"column":24}},"162":{"start":{"line":367,"column":6},"end":{"line":367,"column":31}},"163":{"start":{"line":368,"column":6},"end":{"line":368,"column":30}},"164":{"start":{"line":369,"column":6},"end":{"line":369,"column":52}},"165":{"start":{"line":370,"column":6},"end":{"line":370,"column":54}},"166":{"start":{"line":373,"column":4},"end":{"line":375,"column":5}},"167":{"start":{"line":374,"column":6},"end":{"line":374,"column":28}},"168":{"start":{"line":379,"column":89},"end":{"line":379,"column":93}},"169":{"start":{"line":380,"column":4},"end":{"line":380,"column":34}},"170":{"start":{"line":381,"column":4},"end":{"line":381,"column":34}},"171":{"start":{"line":382,"column":4},"end":{"line":382,"column":33}},"172":{"start":{"line":383,"column":4},"end":{"line":383,"column":33}},"173":{"start":{"line":384,"column":4},"end":{"line":384,"column":30}},"174":{"start":{"line":385,"column":4},"end":{"line":385,"column":32}},"175":{"start":{"line":388,"column":4},"end":{"line":393,"column":5}},"176":{"start":{"line":389,"column":6},"end":{"line":389,"column":47}},"177":{"start":{"line":392,"column":6},"end":{"line":392,"column":40}},"178":{"start":{"line":394,"column":4},"end":{"line":399,"column":5}},"179":{"start":{"line":395,"column":6},"end":{"line":395,"column":47}},"180":{"start":{"line":398,"column":6},"end":{"line":398,"column":38}},"181":{"start":{"line":405,"column":4},"end":{"line":410,"column":5}},"182":{"start":{"line":406,"column":6},"end":{"line":406,"column":44}},"183":{"start":{"line":409,"column":6},"end":{"line":409,"column":40}},"184":{"start":{"line":411,"column":4},"end":{"line":413,"column":5}},"185":{"start":{"line":412,"column":6},"end":{"line":412,"column":44}},"186":{"start":{"line":418,"column":16},"end":{"line":418,"column":20}},"187":{"start":{"line":419,"column":4},"end":{"line":423,"column":5}},"188":{"start":{"line":420,"column":23},"end":{"line":420,"column":40}},"189":{"start":{"line":421,"column":6},"end":{"line":421,"column":25}},"190":{"start":{"line":422,"column":6},"end":{"line":422,"column":23}},"191":{"start":{"line":427,"column":16},"end":{"line":427,"column":20}},"192":{"start":{"line":428,"column":4},"end":{"line":432,"column":5}},"193":{"start":{"line":429,"column":23},"end":{"line":429,"column":41}},"194":{"start":{"line":430,"column":6},"end":{"line":430,"column":25}},"195":{"start":{"line":431,"column":6},"end":{"line":431,"column":23}},"196":{"start":{"line":437,"column":4},"end":{"line":439,"column":5}},"197":{"start":{"line":438,"column":6},"end":{"line":438,"column":32}},"198":{"start":{"line":440,"column":4},"end":{"line":440,"column":28}},"199":{"start":{"line":441,"column":4},"end":{"line":441,"column":29}},"200":{"start":{"line":445,"column":4},"end":{"line":447,"column":5}},"201":{"start":{"line":446,"column":6},"end":{"line":446,"column":33}},"202":{"start":{"line":448,"column":4},"end":{"line":448,"column":29}},"203":{"start":{"line":449,"column":4},"end":{"line":449,"column":33}},"204":{"start":{"line":454,"column":4},"end":{"line":454,"column":27}},"205":{"start":{"line":454,"column":20},"end":{"line":454,"column":27}},"206":{"start":{"line":455,"column":4},"end":{"line":455,"column":25}},"207":{"start":{"line":456,"column":4},"end":{"line":456,"column":25}},"208":{"start":{"line":461,"column":4},"end":{"line":461,"column":27}},"209":{"start":{"line":461,"column":20},"end":{"line":461,"column":27}},"210":{"start":{"line":462,"column":4},"end":{"line":462,"column":24}},"211":{"start":{"line":463,"column":4},"end":{"line":463,"column":24}},"212":{"start":{"line":467,"column":4},"end":{"line":467,"column":26}},"213":{"start":{"line":468,"column":4},"end":{"line":468,"column":26}},"214":{"start":{"line":469,"column":4},"end":{"line":469,"column":26}},"215":{"start":{"line":470,"column":4},"end":{"line":470,"column":26}},"216":{"start":{"line":474,"column":4},"end":{"line":474,"column":25}},"217":{"start":{"line":475,"column":4},"end":{"line":475,"column":25}},"218":{"start":{"line":476,"column":4},"end":{"line":476,"column":25}},"219":{"start":{"line":477,"column":4},"end":{"line":477,"column":25}},"220":{"start":{"line":481,"column":9},"end":{"line":481,"column":null}},"221":{"start":{"line":483,"column":9},"end":{"line":483,"column":null}},"222":{"start":{"line":485,"column":9},"end":{"line":485,"column":null}},"223":{"start":{"line":488,"column":9},"end":{"line":488,"column":null}},"224":{"start":{"line":490,"column":9},"end":{"line":490,"column":null}},"225":{"start":{"line":492,"column":9},"end":{"line":492,"column":null}},"226":{"start":{"line":498,"column":0},"end":{"line":498,"column":null}},"227":{"start":{"line":499,"column":2},"end":{"line":499,"column":null}},"228":{"start":{"line":500,"column":2},"end":{"line":500,"column":null}},"229":{"start":{"line":501,"column":2},"end":{"line":501,"column":null}},"230":{"start":{"line":502,"column":2},"end":{"line":502,"column":null}},"231":{"start":{"line":505,"column":61},"end":{"line":510,"column":2}},"232":{"start":{"line":511,"column":25},"end":{"line":511,"column":100}},"233":{"start":{"line":511,"column":76},"end":{"line":511,"column":99}},"234":{"start":{"line":511,"column":13},"end":{"line":511,"column":25}},"235":{"start":{"line":514,"column":2},"end":{"line":516,"column":3}},"236":{"start":{"line":515,"column":4},"end":{"line":515,"column":24}},"237":{"start":{"line":518,"column":10},"end":{"line":518,"column":27}},"238":{"start":{"line":520,"column":2},"end":{"line":522,"column":5}},"239":{"start":{"line":521,"column":4},"end":{"line":521,"column":30}},"240":{"start":{"line":526,"column":0},"end":{"line":534,"column":1}},"241":{"start":{"line":527,"column":2},"end":{"line":527,"column":27}},"242":{"start":{"line":528,"column":2},"end":{"line":528,"column":27}},"243":{"start":{"line":529,"column":2},"end":{"line":533,"column":4}},"244":{"start":{"line":530,"column":4},"end":{"line":532,"column":5}},"245":{"start":{"line":531,"column":6},"end":{"line":531,"column":27}},"246":{"start":{"line":536,"column":2},"end":{"line":539,"column":3}},"247":{"start":{"line":537,"column":4},"end":{"line":537,"column":53}},"248":{"start":{"line":537,"column":26},"end":{"line":537,"column":51}},"249":{"start":{"line":538,"column":4},"end":{"line":538,"column":28}},"250":{"start":{"line":540,"column":2},"end":{"line":542,"column":5}},"251":{"start":{"line":541,"column":4},"end":{"line":541,"column":30}},"252":{"start":{"line":545,"column":2},"end":{"line":547,"column":5}},"253":{"start":{"line":546,"column":4},"end":{"line":546,"column":30}},"254":{"start":{"line":550,"column":20},"end":{"line":550,"column":35}},"255":{"start":{"line":551,"column":12},"end":{"line":551,"column":56}},"256":{"start":{"line":552,"column":0},"end":{"line":552,"column":22}},"257":{"start":{"line":554,"column":12},"end":{"line":557,"column":1}},"258":{"start":{"line":555,"column":16},"end":{"line":555,"column":57}},"259":{"start":{"line":556,"column":2},"end":{"line":556,"column":21}},"260":{"start":{"line":559,"column":17},"end":{"line":559,"column":30}},"261":{"start":{"line":560,"column":31},"end":{"line":560,"column":35}},"262":{"start":{"line":561,"column":25},"end":{"line":561,"column":29}},"263":{"start":{"line":562,"column":21},"end":{"line":562,"column":39}},"264":{"start":{"line":563,"column":22},"end":{"line":574,"column":1}},"265":{"start":{"line":564,"column":12},"end":{"line":564,"column":35}},"266":{"start":{"line":565,"column":2},"end":{"line":565,"column":22}},"267":{"start":{"line":567,"column":4},"end":{"line":567,"column":32}},"268":{"start":{"line":568,"column":4},"end":{"line":568,"column":64}},"269":{"start":{"line":570,"column":2},"end":{"line":570,"column":22}},"270":{"start":{"line":571,"column":2},"end":{"line":571,"column":31}},"271":{"start":{"line":573,"column":2},"end":{"line":573,"column":21}},"272":{"start":{"line":563,"column":13},"end":{"line":563,"column":22}},"273":{"start":{"line":577,"column":2},"end":{"line":577,"column":22}},"274":{"start":{"line":578,"column":2},"end":{"line":578,"column":46}},"275":{"start":{"line":580,"column":2},"end":{"line":580,"column":17}},"276":{"start":{"line":581,"column":20},"end":{"line":581,"column":25}},"277":{"start":{"line":582,"column":2},"end":{"line":603,"column":3}},"278":{"start":{"line":583,"column":4},"end":{"line":595,"column":7}},"279":{"start":{"line":587,"column":8},"end":{"line":590,"column":9}},"280":{"start":{"line":588,"column":10},"end":{"line":588,"column":40}},"281":{"start":{"line":589,"column":10},"end":{"line":589,"column":25}},"282":{"start":{"line":593,"column":8},"end":{"line":593,"column":46}},"283":{"start":{"line":596,"column":4},"end":{"line":596,"column":28}},"284":{"start":{"line":597,"column":4},"end":{"line":597,"column":22}},"285":{"start":{"line":599,"column":4},"end":{"line":599,"column":35}},"286":{"start":{"line":599,"column":28},"end":{"line":599,"column":35}},"287":{"start":{"line":600,"column":4},"end":{"line":600,"column":28}},"288":{"start":{"line":601,"column":4},"end":{"line":601,"column":22}},"289":{"start":{"line":602,"column":4},"end":{"line":602,"column":16}},"290":{"start":{"line":609,"column":13},"end":{"line":609,"column":43}},"291":{"start":{"line":610,"column":19},"end":{"line":610,"column":24}},"292":{"start":{"line":611,"column":21},"end":{"line":615,"column":1}},"293":{"start":{"line":612,"column":20},"end":{"line":612,"column":32}},"294":{"start":{"line":613,"column":2},"end":{"line":613,"column":7}},"295":{"start":{"line":614,"column":2},"end":{"line":614,"column":27}},"296":{"start":{"line":611,"column":13},"end":{"line":611,"column":21}},"297":{"start":{"line":617,"column":31},"end":{"line":620,"column":2}},"298":{"start":{"line":629,"column":28},"end":{"line":634,"column":1}},"299":{"start":{"line":630,"column":2},"end":{"line":633,"column":21}},"300":{"start":{"line":631,"column":14},"end":{"line":631,"column":46}},"301":{"start":{"line":632,"column":4},"end":{"line":632,"column":13}},"302":{"start":{"line":629,"column":13},"end":{"line":629,"column":28}},"303":{"start":{"line":641,"column":31},"end":{"line":662,"column":1}},"304":{"start":{"line":643,"column":2},"end":{"line":648,"column":3}},"305":{"start":{"line":644,"column":4},"end":{"line":644,"column":26}},"306":{"start":{"line":645,"column":4},"end":{"line":645,"column":26}},"307":{"start":{"line":647,"column":4},"end":{"line":647,"column":21}},"308":{"start":{"line":649,"column":20},"end":{"line":649,"column":96}},"309":{"start":{"line":650,"column":12},"end":{"line":650,"column":47}},"310":{"start":{"line":651,"column":16},"end":{"line":651,"column":29}},"311":{"start":{"line":652,"column":2},"end":{"line":652,"column":16}},"312":{"start":{"line":653,"column":2},"end":{"line":660,"column":5}},"313":{"start":{"line":655,"column":6},"end":{"line":655,"column":21}},"314":{"start":{"line":658,"column":6},"end":{"line":658,"column":22}},"315":{"start":{"line":661,"column":2},"end":{"line":661,"column":22}},"316":{"start":{"line":641,"column":13},"end":{"line":641,"column":31}},"317":{"start":{"line":665,"column":21},"end":{"line":678,"column":1}},"318":{"start":{"line":666,"column":16},"end":{"line":666,"column":21}},"319":{"start":{"line":667,"column":14},"end":{"line":675,"column":9}},"320":{"start":{"line":668,"column":4},"end":{"line":670,"column":5}},"321":{"start":{"line":669,"column":6},"end":{"line":669,"column":12}},"322":{"start":{"line":671,"column":4},"end":{"line":673,"column":5}},"323":{"start":{"line":672,"column":6},"end":{"line":672,"column":16}},"324":{"start":{"line":674,"column":4},"end":{"line":674,"column":19}},"325":{"start":{"line":676,"column":2},"end":{"line":676,"column":8}},"326":{"start":{"line":677,"column":2},"end":{"line":677,"column":13}},"327":{"start":{"line":665,"column":13},"end":{"line":665,"column":21}}},"fnMap":{"0":{"name":"(anonymous_0)","decl":{"start":{"line":4,"column":0},"end":{"line":4,"column":12}},"loc":{"start":{"line":4,"column":17},"end":{"line":10,"column":1}}},"1":{"name":"(anonymous_1)","decl":{"start":{"line":29,"column":17},"end":{"line":29,"column":18}},"loc":{"start":{"line":29,"column":36},"end":{"line":63,"column":1}}},"2":{"name":"(anonymous_2)","decl":{"start":{"line":33,"column":11},"end":{"line":33,"column":12}},"loc":{"start":{"line":33,"column":24},"end":{"line":55,"column":5}}},"3":{"name":"(anonymous_3)","decl":{"start":{"line":86,"column":2},"end":{"line":86,"column":null}},"loc":{"start":{"line":91,"column":32},"end":{"line":92,"column":6}}},"4":{"name":"(anonymous_4)","decl":{"start":{"line":94,"column":2},"end":{"line":94,"column":8}},"loc":{"start":{"line":94,"column":70},"end":{"line":103,"column":3}}},"5":{"name":"(anonymous_5)","decl":{"start":{"line":105,"column":2},"end":{"line":105,"column":14}},"loc":{"start":{"line":105,"column":14},"end":{"line":107,"column":3}}},"6":{"name":"(anonymous_6)","decl":{"start":{"line":112,"column":2},"end":{"line":112,"column":13}},"loc":{"start":{"line":112,"column":31},"end":{"line":145,"column":3}}},"7":{"name":"(anonymous_7)","decl":{"start":{"line":147,"column":2},"end":{"line":147,"column":10}},"loc":{"start":{"line":147,"column":10},"end":{"line":206,"column":3}}},"8":{"name":"(anonymous_8)","decl":{"start":{"line":156,"column":13},"end":{"line":156,"column":14}},"loc":{"start":{"line":156,"column":26},"end":{"line":170,"column":7}}},"9":{"name":"(anonymous_9)","decl":{"start":{"line":171,"column":16},"end":{"line":171,"column":17}},"loc":{"start":{"line":171,"column":78},"end":{"line":203,"column":7}}},"10":{"name":"(anonymous_10)","decl":{"start":{"line":208,"column":2},"end":{"line":208,"column":5}},"loc":{"start":{"line":208,"column":5},"end":{"line":219,"column":3}}},"11":{"name":"(anonymous_11)","decl":{"start":{"line":221,"column":2},"end":{"line":221,"column":22}},"loc":{"start":{"line":221,"column":22},"end":{"line":229,"column":3}}},"12":{"name":"(anonymous_12)","decl":{"start":{"line":231,"column":2},"end":{"line":231,"column":5}},"loc":{"start":{"line":231,"column":10},"end":{"line":240,"column":3}}},"13":{"name":"(anonymous_13)","decl":{"start":{"line":242,"column":2},"end":{"line":242,"column":5}},"loc":{"start":{"line":242,"column":20},"end":{"line":247,"column":3}}},"14":{"name":"(anonymous_14)","decl":{"start":{"line":249,"column":2},"end":{"line":249,"column":12}},"loc":{"start":{"line":249,"column":12},"end":{"line":251,"column":3}}},"15":{"name":"(anonymous_15)","decl":{"start":{"line":253,"column":2},"end":{"line":253,"column":9}},"loc":{"start":{"line":253,"column":9},"end":{"line":255,"column":3}}},"16":{"name":"dfs","decl":{"start":{"line":283,"column":9},"end":{"line":283,"column":12}},"loc":{"start":{"line":283,"column":49},"end":{"line":334,"column":1}}},"17":{"name":"(anonymous_17)","decl":{"start":{"line":337,"column":2},"end":{"line":337,"column":8}},"loc":{"start":{"line":337,"column":36},"end":{"line":376,"column":3}}},"18":{"name":"(anonymous_18)","decl":{"start":{"line":378,"column":2},"end":{"line":378,"column":8}},"loc":{"start":{"line":378,"column":26},"end":{"line":414,"column":3}}},"19":{"name":"(anonymous_19)","decl":{"start":{"line":416,"column":2},"end":{"line":416,"column":8}},"loc":{"start":{"line":416,"column":29},"end":{"line":424,"column":3}}},"20":{"name":"(anonymous_20)","decl":{"start":{"line":425,"column":2},"end":{"line":425,"column":8}},"loc":{"start":{"line":425,"column":30},"end":{"line":433,"column":3}}},"21":{"name":"(anonymous_21)","decl":{"start":{"line":436,"column":2},"end":{"line":436,"column":8}},"loc":{"start":{"line":436,"column":47},"end":{"line":442,"column":3}}},"22":{"name":"(anonymous_22)","decl":{"start":{"line":444,"column":2},"end":{"line":444,"column":8}},"loc":{"start":{"line":444,"column":48},"end":{"line":450,"column":3}}},"23":{"name":"(anonymous_23)","decl":{"start":{"line":453,"column":2},"end":{"line":453,"column":8}},"loc":{"start":{"line":453,"column":42},"end":{"line":457,"column":3}}},"24":{"name":"(anonymous_24)","decl":{"start":{"line":460,"column":2},"end":{"line":460,"column":8}},"loc":{"start":{"line":460,"column":41},"end":{"line":464,"column":3}}},"25":{"name":"(anonymous_25)","decl":{"start":{"line":466,"column":2},"end":{"line":466,"column":8}},"loc":{"start":{"line":466,"column":55},"end":{"line":471,"column":3}}},"26":{"name":"(anonymous_26)","decl":{"start":{"line":473,"column":2},"end":{"line":473,"column":8}},"loc":{"start":{"line":473,"column":54},"end":{"line":478,"column":3}}},"27":{"name":"(anonymous_27)","decl":{"start":{"line":493,"column":2},"end":{"line":493,"column":17}},"loc":{"start":{"line":493,"column":2},"end":{"line":493,"column":18}}},"28":{"name":"(anonymous_28)","decl":{"start":{"line":498,"column":0},"end":{"line":498,"column":12}},"loc":{"start":{"line":498,"column":21},"end":{"line":503,"column":1}}},"29":{"name":"(anonymous_29)","decl":{"start":{"line":511,"column":25},"end":{"line":511,"column":26}},"loc":{"start":{"line":511,"column":76},"end":{"line":511,"column":99}}},"30":{"name":"defaultScheduler","decl":{"start":{"line":513,"column":9},"end":{"line":513,"column":25}},"loc":{"start":{"line":513,"column":43},"end":{"line":517,"column":1}}},"31":{"name":"microScheduler","decl":{"start":{"line":519,"column":9},"end":{"line":519,"column":23}},"loc":{"start":{"line":519,"column":41},"end":{"line":523,"column":1}}},"32":{"name":"(anonymous_32)","decl":{"start":{"line":520,"column":9},"end":{"line":520,"column":12}},"loc":{"start":{"line":520,"column":14},"end":{"line":522,"column":3}}},"33":{"name":"(anonymous_33)","decl":{"start":{"line":529,"column":22},"end":{"line":529,"column":25}},"loc":{"start":{"line":529,"column":27},"end":{"line":533,"column":3}}},"34":{"name":"macroScheduler","decl":{"start":{"line":535,"column":9},"end":{"line":535,"column":23}},"loc":{"start":{"line":535,"column":41},"end":{"line":543,"column":1}}},"35":{"name":"(anonymous_35)","decl":{"start":{"line":537,"column":20},"end":{"line":537,"column":23}},"loc":{"start":{"line":537,"column":26},"end":{"line":537,"column":51}}},"36":{"name":"(anonymous_36)","decl":{"start":{"line":540,"column":13},"end":{"line":540,"column":16}},"loc":{"start":{"line":540,"column":18},"end":{"line":542,"column":3}}},"37":{"name":"schedulerLayout","decl":{"start":{"line":544,"column":9},"end":{"line":544,"column":24}},"loc":{"start":{"line":544,"column":42},"end":{"line":548,"column":1}}},"38":{"name":"(anonymous_38)","decl":{"start":{"line":545,"column":24},"end":{"line":545,"column":27}},"loc":{"start":{"line":545,"column":29},"end":{"line":547,"column":3}}},"39":{"name":"(anonymous_39)","decl":{"start":{"line":554,"column":12},"end":{"line":554,"column":15}},"loc":{"start":{"line":554,"column":17},"end":{"line":557,"column":1}}},"40":{"name":"(anonymous_40)","decl":{"start":{"line":563,"column":22},"end":{"line":563,"column":25}},"loc":{"start":{"line":563,"column":27},"end":{"line":574,"column":1}}},"41":{"name":"disableDeep","decl":{"start":{"line":566,"column":11},"end":{"line":566,"column":22}},"loc":{"start":{"line":566,"column":22},"end":{"line":569,"column":3}}},"42":{"name":"handleOneTask","decl":{"start":{"line":576,"column":9},"end":{"line":576,"column":22}},"loc":{"start":{"line":576,"column":52},"end":{"line":604,"column":1}}},"43":{"name":"(anonymous_43)","decl":{"start":{"line":586,"column":13},"end":{"line":586,"column":14}},"loc":{"start":{"line":586,"column":32},"end":{"line":591,"column":7}}},"44":{"name":"(anonymous_44)","decl":{"start":{"line":592,"column":16},"end":{"line":592,"column":17}},"loc":{"start":{"line":592,"column":35},"end":{"line":594,"column":7}}},"45":{"name":"(anonymous_45)","decl":{"start":{"line":611,"column":21},"end":{"line":611,"column":22}},"loc":{"start":{"line":611,"column":40},"end":{"line":615,"column":1}}},"46":{"name":"(anonymous_46)","decl":{"start":{"line":629,"column":28},"end":{"line":629,"column":29}},"loc":{"start":{"line":629,"column":63},"end":{"line":634,"column":1}}},"47":{"name":"(anonymous_47)","decl":{"start":{"line":630,"column":10},"end":{"line":630,"column":11}},"loc":{"start":{"line":630,"column":44},"end":{"line":633,"column":3}}},"48":{"name":"(anonymous_48)","decl":{"start":{"line":641,"column":31},"end":{"line":641,"column":32}},"loc":{"start":{"line":641,"column":86},"end":{"line":662,"column":1}}},"49":{"name":"(anonymous_49)","decl":{"start":{"line":654,"column":4},"end":{"line":654,"column":7}},"loc":{"start":{"line":654,"column":7},"end":{"line":656,"column":5}}},"50":{"name":"(anonymous_50)","decl":{"start":{"line":657,"column":4},"end":{"line":657,"column":7}},"loc":{"start":{"line":657,"column":9},"end":{"line":659,"column":5}}},"51":{"name":"(anonymous_51)","decl":{"start":{"line":665,"column":21},"end":{"line":665,"column":22}},"loc":{"start":{"line":665,"column":93},"end":{"line":678,"column":1}}},"52":{"name":"(anonymous_52)","decl":{"start":{"line":667,"column":16},"end":{"line":667,"column":19}},"loc":{"start":{"line":667,"column":21},"end":{"line":675,"column":3}}}},"branchMap":{"0":{"loc":{"start":{"line":4,"column":12},"end":{"line":4,"column":null}},"type":"binary-expr","locations":[{"start":{"line":4,"column":12},"end":{"line":4,"column":17}},{"start":{"line":4,"column":17},"end":{"line":4,"column":null}}]},"1":{"loc":{"start":{"line":39,"column":6},"end":{"line":41,"column":7}},"type":"if","locations":[{"start":{"line":39,"column":6},"end":{"line":41,"column":7}},{"start":{},"end":{}}]},"2":{"loc":{"start":{"line":39,"column":10},"end":{"line":39,"column":84}},"type":"binary-expr","locations":[{"start":{"line":39,"column":10},"end":{"line":39,"column":66}},{"start":{"line":39,"column":70},"end":{"line":39,"column":84}}]},"3":{"loc":{"start":{"line":45,"column":6},"end":{"line":49,"column":7}},"type":"if","locations":[{"start":{"line":45,"column":6},"end":{"line":49,"column":7}},{"start":{"line":47,"column":13},"end":{"line":49,"column":7}}]},"4":{"loc":{"start":{"line":51,"column":6},"end":{"line":53,"column":7}},"type":"if","locations":[{"start":{"line":51,"column":6},"end":{"line":53,"column":7}},{"start":{},"end":{}}]},"5":{"loc":{"start":{"line":51,"column":10},"end":{"line":51,"column":28}},"type":"binary-expr","locations":[{"start":{"line":51,"column":10},"end":{"line":51,"column":16}},{"start":{"line":51,"column":20},"end":{"line":51,"column":28}}]},"6":{"loc":{"start":{"line":96,"column":13},"end":{"line":96,"column":43}},"type":"binary-expr","locations":[{"start":{"line":96,"column":13},"end":{"line":96,"column":25}},{"start":{"line":96,"column":29},"end":{"line":96,"column":43}}]},"7":{"loc":{"start":{"line":98,"column":4},"end":{"line":101,"column":5}},"type":"if","locations":[{"start":{"line":98,"column":4},"end":{"line":101,"column":5}},{"start":{},"end":{}}]},"8":{"loc":{"start":{"line":112,"column":14},"end":{"line":112,"column":31}},"type":"default-arg","locations":[{"start":{"line":112,"column":27},"end":{"line":112,"column":31}}]},"9":{"loc":{"start":{"line":115,"column":4},"end":{"line":117,"column":5}},"type":"if","locations":[{"start":{"line":115,"column":4},"end":{"line":117,"column":5}},{"start":{},"end":{}}]},"10":{"loc":{"start":{"line":118,"column":4},"end":{"line":120,"column":5}},"type":"if","locations":[{"start":{"line":118,"column":4},"end":{"line":120,"column":5}},{"start":{},"end":{}}]},"11":{"loc":{"start":{"line":129,"column":18},"end":{"line":129,"column":54}},"type":"binary-expr","locations":[{"start":{"line":129,"column":18},"end":{"line":129,"column":33}},{"start":{"line":129,"column":37},"end":{"line":129,"column":54}}]},"12":{"loc":{"start":{"line":130,"column":6},"end":{"line":134,"column":7}},"type":"if","locations":[{"start":{"line":130,"column":6},"end":{"line":134,"column":7}},{"start":{},"end":{}}]},"13":{"loc":{"start":{"line":141,"column":20},"end":{"line":141,"column":44}},"type":"cond-expr","locations":[{"start":{"line":141,"column":31},"end":{"line":141,"column":33}},{"start":{"line":141,"column":31},"end":{"line":141,"column":44}}]},"14":{"loc":{"start":{"line":141,"column":20},"end":{"line":141,"column":33}},"type":"binary-expr","locations":[{"start":{"line":141,"column":20},"end":{"line":141,"column":33}},{"start":{"line":141,"column":31},"end":{"line":141,"column":33}}]},"15":{"loc":{"start":{"line":151,"column":4},"end":{"line":153,"column":5}},"type":"if","locations":[{"start":{"line":151,"column":4},"end":{"line":153,"column":5}},{"start":{},"end":{}}]},"16":{"loc":{"start":{"line":166,"column":8},"end":{"line":168,"column":9}},"type":"if","locations":[{"start":{"line":166,"column":8},"end":{"line":168,"column":9}},{"start":{},"end":{}}]},"17":{"loc":{"start":{"line":166,"column":12},"end":{"line":166,"column":84}},"type":"binary-expr","locations":[{"start":{"line":166,"column":12},"end":{"line":166,"column":36}},{"start":{"line":166,"column":40},"end":{"line":166,"column":66}},{"start":{"line":166,"column":70},"end":{"line":166,"column":84}}]},"18":{"loc":{"start":{"line":177,"column":8},"end":{"line":199,"column":9}},"type":"if","locations":[{"start":{"line":177,"column":8},"end":{"line":199,"column":9}},{"start":{"line":180,"column":13},"end":{"line":199,"column":9}}]},"19":{"loc":{"start":{"line":180,"column":13},"end":{"line":199,"column":9}},"type":"if","locations":[{"start":{"line":180,"column":13},"end":{"line":199,"column":9}},{"start":{"line":197,"column":13},"end":{"line":199,"column":9}}]},"20":{"loc":{"start":{"line":182,"column":27},"end":{"line":182,"column":53}},"type":"cond-expr","locations":[{"start":{"line":182,"column":31},"end":{"line":182,"column":33}},{"start":{"line":182,"column":27},"end":{"line":182,"column":53}}]},"21":{"loc":{"start":{"line":182,"column":27},"end":{"line":182,"column":33}},"type":"binary-expr","locations":[{"start":{"line":182,"column":27},"end":{"line":182,"column":33}},{"start":{"line":182,"column":27},"end":{"line":182,"column":33}}]},"22":{"loc":{"start":{"line":188,"column":10},"end":{"line":190,"column":11}},"type":"if","locations":[{"start":{"line":188,"column":10},"end":{"line":190,"column":11}},{"start":{},"end":{}}]},"23":{"loc":{"start":{"line":197,"column":13},"end":{"line":199,"column":9}},"type":"if","locations":[{"start":{"line":197,"column":13},"end":{"line":199,"column":9}},{"start":{},"end":{}}]},"24":{"loc":{"start":{"line":209,"column":4},"end":{"line":211,"column":5}},"type":"if","locations":[{"start":{"line":209,"column":4},"end":{"line":211,"column":5}},{"start":{},"end":{}}]},"25":{"loc":{"start":{"line":214,"column":4},"end":{"line":216,"column":5}},"type":"if","locations":[{"start":{"line":214,"column":4},"end":{"line":216,"column":5}},{"start":{},"end":{}}]},"26":{"loc":{"start":{"line":214,"column":8},"end":{"line":214,"column":93}},"type":"binary-expr","locations":[{"start":{"line":214,"column":8},"end":{"line":214,"column":22}},{"start":{"line":214,"column":27},"end":{"line":214,"column":49}},{"start":{"line":214,"column":53},"end":{"line":214,"column":92}}]},"27":{"loc":{"start":{"line":232,"column":4},"end":{"line":234,"column":5}},"type":"if","locations":[{"start":{"line":232,"column":4},"end":{"line":234,"column":5}},{"start":{},"end":{}}]},"28":{"loc":{"start":{"line":232,"column":8},"end":{"line":232,"column":46}},"type":"binary-expr","locations":[{"start":{"line":232,"column":8},"end":{"line":232,"column":22}},{"start":{"line":232,"column":26},"end":{"line":232,"column":46}}]},"29":{"loc":{"start":{"line":243,"column":4},"end":{"line":245,"column":5}},"type":"if","locations":[{"start":{"line":243,"column":4},"end":{"line":245,"column":5}},{"start":{},"end":{}}]},"30":{"loc":{"start":{"line":250,"column":4},"end":{"line":250,"column":60}},"type":"binary-expr","locations":[{"start":{"line":250,"column":4},"end":{"line":250,"column":46}},{"start":{"line":250,"column":50},"end":{"line":250,"column":60}}]},"31":{"loc":{"start":{"line":254,"column":11},"end":{"line":254,"column":45}},"type":"binary-expr","locations":[{"start":{"line":254,"column":11},"end":{"line":254,"column":22}},{"start":{"line":254,"column":26},"end":{"line":254,"column":45}}]},"32":{"loc":{"start":{"line":283,"column":24},"end":{"line":283,"column":49}},"type":"default-arg","locations":[{"start":{"line":283,"column":47},"end":{"line":283,"column":49}}]},"33":{"loc":{"start":{"line":287,"column":18},"end":{"line":287,"column":49}},"type":"cond-expr","locations":[{"start":{"line":287,"column":25},"end":{"line":287,"column":35}},{"start":{"line":287,"column":38},"end":{"line":287,"column":49}}]},"34":{"loc":{"start":{"line":288,"column":18},"end":{"line":288,"column":50}},"type":"cond-expr","locations":[{"start":{"line":288,"column":25},"end":{"line":288,"column":35}},{"start":{"line":288,"column":38},"end":{"line":288,"column":50}}]},"35":{"loc":{"start":{"line":290,"column":22},"end":{"line":290,"column":59}},"type":"cond-expr","locations":[{"start":{"line":290,"column":29},"end":{"line":290,"column":42}},{"start":{"line":290,"column":45},"end":{"line":290,"column":59}}]},"36":{"loc":{"start":{"line":291,"column":25},"end":{"line":291,"column":57}},"type":"cond-expr","locations":[{"start":{"line":291,"column":32},"end":{"line":291,"column":44}},{"start":{"line":291,"column":47},"end":{"line":291,"column":57}}]},"37":{"loc":{"start":{"line":294,"column":20},"end":{"line":298,"column":6}},"type":"cond-expr","locations":[{"start":{"line":294,"column":25},"end":{"line":294,"column":28}},{"start":{"line":294,"column":20},"end":{"line":298,"column":6}}]},"38":{"loc":{"start":{"line":294,"column":20},"end":{"line":294,"column":28}},"type":"binary-expr","locations":[{"start":{"line":294,"column":20},"end":{"line":294,"column":28}},{"start":{"line":294,"column":20},"end":{"line":294,"column":28}}]},"39":{"loc":{"start":{"line":301,"column":4},"end":{"line":305,"column":5}},"type":"if","locations":[{"start":{"line":301,"column":4},"end":{"line":305,"column":5}},{"start":{},"end":{}}]},"40":{"loc":{"start":{"line":301,"column":8},"end":{"line":301,"column":26}},"type":"binary-expr","locations":[{"start":{"line":301,"column":8},"end":{"line":301,"column":12}},{"start":{"line":301,"column":16},"end":{"line":301,"column":26}}]},"41":{"loc":{"start":{"line":308,"column":26},"end":{"line":313,"column":8}},"type":"cond-expr","locations":[{"start":{"line":308,"column":34},"end":{"line":308,"column":37}},{"start":{"line":308,"column":26},"end":{"line":313,"column":8}}]},"42":{"loc":{"start":{"line":308,"column":26},"end":{"line":308,"column":37}},"type":"binary-expr","locations":[{"start":{"line":308,"column":26},"end":{"line":308,"column":37}},{"start":{"line":308,"column":26},"end":{"line":308,"column":37}}]},"43":{"loc":{"start":{"line":318,"column":6},"end":{"line":320,"column":7}},"type":"if","locations":[{"start":{"line":318,"column":6},"end":{"line":320,"column":7}},{"start":{},"end":{}}]},"44":{"loc":{"start":{"line":324,"column":6},"end":{"line":329,"column":7}},"type":"if","locations":[{"start":{"line":324,"column":6},"end":{"line":329,"column":7}},{"start":{},"end":{}}]},"45":{"loc":{"start":{"line":324,"column":10},"end":{"line":324,"column":34}},"type":"binary-expr","locations":[{"start":{"line":324,"column":10},"end":{"line":324,"column":22}},{"start":{"line":324,"column":26},"end":{"line":324,"column":34}}]},"46":{"loc":{"start":{"line":338,"column":4},"end":{"line":338,"column":20}},"type":"if","locations":[{"start":{"line":338,"column":4},"end":{"line":338,"column":20}},{"start":{},"end":{}}]},"47":{"loc":{"start":{"line":346,"column":13},"end":{"line":346,"column":27}},"type":"binary-expr","locations":[{"start":{"line":346,"column":13},"end":{"line":346,"column":19}},{"start":{"line":346,"column":23},"end":{"line":346,"column":27}}]},"48":{"loc":{"start":{"line":348,"column":28},"end":{"line":348,"column":40}},"type":"binary-expr","locations":[{"start":{"line":348,"column":28},"end":{"line":348,"column":34}},{"start":{"line":348,"column":38},"end":{"line":348,"column":40}}]},"49":{"loc":{"start":{"line":350,"column":4},"end":{"line":371,"column":5}},"type":"if","locations":[{"start":{"line":350,"column":4},"end":{"line":371,"column":5}},{"start":{"line":359,"column":9},"end":{"line":371,"column":5}}]},"50":{"loc":{"start":{"line":355,"column":6},"end":{"line":355,"column":51}},"type":"binary-expr","locations":[{"start":{"line":355,"column":6},"end":{"line":355,"column":13}},{"start":{"line":355,"column":17},"end":{"line":355,"column":51}}]},"51":{"loc":{"start":{"line":356,"column":6},"end":{"line":356,"column":51}},"type":"binary-expr","locations":[{"start":{"line":356,"column":6},"end":{"line":356,"column":15}},{"start":{"line":356,"column":19},"end":{"line":356,"column":51}}]},"52":{"loc":{"start":{"line":359,"column":9},"end":{"line":371,"column":5}},"type":"if","locations":[{"start":{"line":359,"column":9},"end":{"line":371,"column":5}},{"start":{"line":365,"column":9},"end":{"line":371,"column":5}}]},"53":{"loc":{"start":{"line":369,"column":6},"end":{"line":369,"column":51}},"type":"binary-expr","locations":[{"start":{"line":369,"column":6},"end":{"line":369,"column":13}},{"start":{"line":369,"column":17},"end":{"line":369,"column":51}}]},"54":{"loc":{"start":{"line":388,"column":4},"end":{"line":393,"column":5}},"type":"if","locations":[{"start":{"line":388,"column":4},"end":{"line":393,"column":5}},{"start":{"line":390,"column":11},"end":{"line":393,"column":5}}]},"55":{"loc":{"start":{"line":394,"column":4},"end":{"line":399,"column":5}},"type":"if","locations":[{"start":{"line":394,"column":4},"end":{"line":399,"column":5}},{"start":{"line":396,"column":11},"end":{"line":399,"column":5}}]},"56":{"loc":{"start":{"line":405,"column":4},"end":{"line":410,"column":5}},"type":"if","locations":[{"start":{"line":405,"column":4},"end":{"line":410,"column":5}},{"start":{"line":407,"column":11},"end":{"line":410,"column":5}}]},"57":{"loc":{"start":{"line":411,"column":4},"end":{"line":413,"column":5}},"type":"if","locations":[{"start":{"line":411,"column":4},"end":{"line":413,"column":5}},{"start":{},"end":{}}]},"58":{"loc":{"start":{"line":437,"column":4},"end":{"line":439,"column":5}},"type":"if","locations":[{"start":{"line":437,"column":4},"end":{"line":439,"column":5}},{"start":{},"end":{}}]},"59":{"loc":{"start":{"line":445,"column":4},"end":{"line":447,"column":5}},"type":"if","locations":[{"start":{"line":445,"column":4},"end":{"line":447,"column":5}},{"start":{},"end":{}}]},"60":{"loc":{"start":{"line":454,"column":4},"end":{"line":454,"column":27}},"type":"if","locations":[{"start":{"line":454,"column":4},"end":{"line":454,"column":27}},{"start":{},"end":{}}]},"61":{"loc":{"start":{"line":454,"column":8},"end":{"line":454,"column":18}},"type":"binary-expr","locations":[{"start":{"line":454,"column":8},"end":{"line":454,"column":11}},{"start":{"line":454,"column":15},"end":{"line":454,"column":18}}]},"62":{"loc":{"start":{"line":461,"column":4},"end":{"line":461,"column":27}},"type":"if","locations":[{"start":{"line":461,"column":4},"end":{"line":461,"column":27}},{"start":{},"end":{}}]},"63":{"loc":{"start":{"line":461,"column":8},"end":{"line":461,"column":18}},"type":"binary-expr","locations":[{"start":{"line":461,"column":8},"end":{"line":461,"column":11}},{"start":{"line":461,"column":15},"end":{"line":461,"column":18}}]},"64":{"loc":{"start":{"line":498,"column":12},"end":{"line":498,"column":null}},"type":"binary-expr","locations":[{"start":{"line":498,"column":12},"end":{"line":498,"column":21}},{"start":{"line":498,"column":21},"end":{"line":498,"column":null}}]},"65":{"loc":{"start":{"line":526,"column":0},"end":{"line":534,"column":1}},"type":"if","locations":[{"start":{"line":526,"column":0},"end":{"line":534,"column":1}},{"start":{},"end":{}}]},"66":{"loc":{"start":{"line":536,"column":2},"end":{"line":539,"column":3}},"type":"if","locations":[{"start":{"line":536,"column":2},"end":{"line":539,"column":3}},{"start":{},"end":{}}]},"67":{"loc":{"start":{"line":551,"column":12},"end":{"line":551,"column":56}},"type":"binary-expr","locations":[{"start":{"line":551,"column":12},"end":{"line":551,"column":42}},{"start":{"line":551,"column":46},"end":{"line":551,"column":56}}]},"68":{"loc":{"start":{"line":555,"column":16},"end":{"line":555,"column":57}},"type":"binary-expr","locations":[{"start":{"line":555,"column":16},"end":{"line":555,"column":38}},{"start":{"line":555,"column":42},"end":{"line":555,"column":57}}]},"69":{"loc":{"start":{"line":577,"column":6},"end":{"line":577,"column":21}},"type":"binary-expr","locations":[{"start":{"line":577,"column":6},"end":{"line":577,"column":16}},{"start":{"line":577,"column":20},"end":{"line":577,"column":21}}]},"70":{"loc":{"start":{"line":578,"column":15},"end":{"line":578,"column":45}},"type":"binary-expr","locations":[{"start":{"line":578,"column":15},"end":{"line":578,"column":31}},{"start":{"line":578,"column":35},"end":{"line":578,"column":45}}]},"71":{"loc":{"start":{"line":587,"column":8},"end":{"line":590,"column":9}},"type":"if","locations":[{"start":{"line":587,"column":8},"end":{"line":590,"column":9}},{"start":{},"end":{}}]},"72":{"loc":{"start":{"line":593,"column":8},"end":{"line":593,"column":45}},"type":"binary-expr","locations":[{"start":{"line":593,"column":8},"end":{"line":593,"column":18}},{"start":{"line":593,"column":22},"end":{"line":593,"column":45}}]},"73":{"loc":{"start":{"line":599,"column":4},"end":{"line":599,"column":35}},"type":"if","locations":[{"start":{"line":599,"column":4},"end":{"line":599,"column":35}},{"start":{},"end":{}}]},"74":{"loc":{"start":{"line":630,"column":22},"end":{"line":630,"column":40}},"type":"default-arg","locations":[{"start":{"line":630,"column":38},"end":{"line":630,"column":40}}]},"75":{"loc":{"start":{"line":641,"column":48},"end":{"line":641,"column":82}},"type":"default-arg","locations":[{"start":{"line":641,"column":80},"end":{"line":641,"column":82}}]},"76":{"loc":{"start":{"line":643,"column":2},"end":{"line":648,"column":3}},"type":"if","locations":[{"start":{"line":643,"column":2},"end":{"line":648,"column":3}},{"start":{"line":646,"column":9},"end":{"line":648,"column":3}}]},"77":{"loc":{"start":{"line":671,"column":4},"end":{"line":673,"column":5}},"type":"if","locations":[{"start":{"line":671,"column":4},"end":{"line":673,"column":5}},{"start":{},"end":{}}]}},"s":{"0":2,"1":2,"2":2,"3":2,"4":2,"5":2,"6":2,"7":2,"8":2,"9":2,"10":2,"11":2,"12":26,"13":26,"14":70,"15":4,"16":66,"17":66,"18":66,"19":40,"20":26,"21":66,"22":23,"23":66,"24":26,"25":23,"26":23,"27":23,"28":26,"29":64,"30":64,"31":64,"32":64,"33":64,"34":64,"35":64,"36":64,"37":64,"38":64,"39":64,"40":64,"41":64,"42":64,"43":61,"44":61,"45":61,"46":61,"47":30,"48":61,"49":57,"50":161,"51":161,"52":98,"53":161,"54":33,"55":128,"56":128,"57":128,"58":128,"59":128,"60":128,"61":111,"62":111,"63":128,"64":0,"65":0,"66":128,"67":128,"68":128,"69":58,"70":58,"71":33,"72":25,"73":92,"74":29,"75":63,"76":92,"77":92,"78":92,"79":63,"80":63,"81":63,"82":63,"83":63,"84":63,"85":51,"86":63,"87":63,"88":63,"89":0,"90":0,"91":92,"92":92,"93":92,"94":25,"95":156,"96":0,"97":156,"98":98,"99":58,"100":51,"101":51,"102":43,"103":43,"104":43,"105":43,"106":26,"107":0,"108":26,"109":26,"110":26,"111":26,"112":129,"113":26,"114":103,"115":23,"116":312,"117":2,"118":2,"119":52,"120":52,"121":52,"122":52,"123":52,"124":52,"125":52,"126":163,"127":163,"128":163,"129":163,"130":104,"131":104,"132":104,"133":59,"134":163,"135":163,"136":163,"137":52,"138":111,"139":111,"140":111,"141":7,"142":7,"143":7,"144":104,"145":128,"146":17,"147":111,"148":111,"149":111,"150":111,"151":111,"152":111,"153":111,"154":73,"155":73,"156":73,"157":73,"158":73,"159":38,"160":34,"161":4,"162":4,"163":4,"164":4,"165":4,"166":111,"167":111,"168":5,"169":5,"170":5,"171":5,"172":5,"173":5,"174":5,"175":5,"176":0,"177":5,"178":5,"179":0,"180":5,"181":5,"182":5,"183":0,"184":5,"185":1,"186":128,"187":128,"188":5,"189":5,"190":5,"191":0,"192":0,"193":0,"194":0,"195":0,"196":77,"197":45,"198":77,"199":77,"200":77,"201":61,"202":77,"203":77,"204":32,"205":0,"206":32,"207":32,"208":12,"209":0,"210":12,"211":12,"212":0,"213":0,"214":0,"215":0,"216":4,"217":4,"218":4,"219":4,"220":77,"221":77,"222":77,"223":77,"224":77,"225":77,"226":2,"227":2,"228":2,"229":2,"230":2,"231":2,"232":2,"233":0,"234":2,"235":23,"236":23,"237":2,"238":1,"239":1,"240":2,"241":2,"242":2,"243":2,"244":0,"245":0,"246":0,"247":0,"248":0,"249":0,"250":0,"251":0,"252":0,"253":0,"254":2,"255":2,"256":2,"257":2,"258":2,"259":2,"260":2,"261":2,"262":2,"263":2,"264":2,"265":3,"266":3,"267":1,"268":1,"269":3,"270":3,"271":3,"272":2,"273":1,"274":1,"275":1,"276":1,"277":1,"278":1,"279":1,"280":0,"281":0,"282":1,"283":1,"284":1,"285":0,"286":0,"287":0,"288":0,"289":0,"290":2,"291":2,"292":2,"293":0,"294":0,"295":0,"296":2,"297":2,"298":2,"299":0,"300":0,"301":0,"302":2,"303":2,"304":61,"305":31,"306":31,"307":30,"308":61,"309":61,"310":61,"311":61,"312":61,"313":53,"314":0,"315":61,"316":2,"317":2,"318":8,"319":8,"320":20,"321":23,"322":20,"323":12,"324":20,"325":8,"326":8,"327":2},"f":{"0":2,"1":26,"2":70,"3":64,"4":61,"5":57,"6":161,"7":58,"8":92,"9":92,"10":156,"11":51,"12":26,"13":129,"14":23,"15":312,"16":52,"17":128,"18":5,"19":128,"20":0,"21":77,"22":77,"23":32,"24":12,"25":0,"26":4,"27":77,"28":2,"29":0,"30":23,"31":1,"32":1,"33":0,"34":0,"35":0,"36":0,"37":0,"38":0,"39":2,"40":3,"41":1,"42":1,"43":1,"44":1,"45":0,"46":0,"47":0,"48":61,"49":53,"50":0,"51":8,"52":20},"b":{"0":[2,2],"1":[4,66],"2":[70,67],"3":[40,26],"4":[23,43],"5":[66,25],"6":[61,30],"7":[30,31],"8":[0],"9":[98,63],"10":[33,128],"11":[128,56],"12":[111,17],"13":[73,55],"14":[128,128],"15":[33,25],"16":[29,63],"17":[92,92,63],"18":[29,63],"19":[63,0],"20":[25,38],"21":[63,63],"22":[51,12],"23":[0,0],"24":[0,156],"25":[98,58],"26":[156,125,125],"27":[0,26],"28":[26,26],"29":[26,103],"30":[23,23],"31":[312,312],"32":[0],"33":[25,27],"34":[25,27],"35":[25,27],"36":[25,27],"37":[0,163],"38":[163,163],"39":[104,59],"40":[163,112],"41":[70,93],"42":[163,163],"43":[52,111],"44":[7,104],"45":[111,73],"46":[17,111],"47":[111,85],"48":[111,0],"49":[73,38],"50":[73,32],"51":[73,12],"52":[34,4],"53":[4,0],"54":[0,5],"55":[0,5],"56":[5,0],"57":[1,4],"58":[45,32],"59":[61,16],"60":[0,32],"61":[32,32],"62":[0,12],"63":[12,12],"64":[2,2],"65":[2,0],"66":[0,0],"67":[2,2],"68":[2,0],"69":[1,1],"70":[1,1],"71":[0,1],"72":[1,0],"73":[0,0],"74":[0],"75":[59],"76":[31,30],"77":[12,8]}}
,"/Users/linjiajian/Desktop/my/my-project/uma/packages/signal/src/scheduler.ts": {"path":"/Users/linjiajian/Desktop/my/my-project/uma/packages/signal/src/scheduler.ts","statementMap":{"0":{"start":{"line":1,"column":0},"end":{"line":1,"column":42}},"1":{"start":{"line":2,"column":13},"end":{"line":16,"column":5}},"2":{"start":{"line":5,"column":4},"end":{"line":15,"column":5}},"3":{"start":{"line":6,"column":6},"end":{"line":10,"column":9}},"4":{"start":{"line":7,"column":8},"end":{"line":9,"column":11}},"5":{"start":{"line":8,"column":10},"end":{"line":8,"column":15}},"6":{"start":{"line":12,"column":6},"end":{"line":14,"column":9}},"7":{"start":{"line":13,"column":8},"end":{"line":13,"column":13}},"8":{"start":{"line":20,"column":2},"end":{"line":20,"column":null}},"9":{"start":{"line":21,"column":2},"end":{"line":21,"column":null}},"10":{"start":{"line":24,"column":40},"end":{"line":24,"column":44}},"11":{"start":{"line":25,"column":4},"end":{"line":25,"column":25}},"12":{"start":{"line":26,"column":4},"end":{"line":29,"column":5}},"13":{"start":{"line":27,"column":6},"end":{"line":27,"column":40}},"14":{"start":{"line":28,"column":6},"end":{"line":28,"column":31}},"15":{"start":{"line":33,"column":26},"end":{"line":33,"column":30}},"16":{"start":{"line":34,"column":4},"end":{"line":34,"column":28}},"17":{"start":{"line":35,"column":15},"end":{"line":35,"column":30}},"18":{"start":{"line":36,"column":4},"end":{"line":36,"column":48}},"19":{"start":{"line":36,"column":13},"end":{"line":36,"column":48}},"20":{"start":{"line":38,"column":22},"end":{"line":38,"column":26}},"21":{"start":{"line":41,"column":4},"end":{"line":44,"column":5}},"22":{"start":{"line":42,"column":6},"end":{"line":42,"column":40}},"23":{"start":{"line":43,"column":6},"end":{"line":43,"column":13}},"24":{"start":{"line":47,"column":4},"end":{"line":47,"column":22}},"25":{"start":{"line":48,"column":4},"end":{"line":48,"column":64}},"26":{"start":{"line":48,"column":29},"end":{"line":48,"column":64}},"27":{"start":{"line":51,"column":4},"end":{"line":51,"column":38}},"28":{"start":{"line":18,"column":0},"end":{"line":18,"column":13}}},"fnMap":{"0":{"name":"(anonymous_0)","decl":{"start":{"line":4,"column":3},"end":{"line":4,"column":4}},"loc":{"start":{"line":4,"column":20},"end":{"line":16,"column":3}}},"1":{"name":"(anonymous_1)","decl":{"start":{"line":6,"column":39},"end":{"line":6,"column":42}},"loc":{"start":{"line":6,"column":44},"end":{"line":10,"column":7}}},"2":{"name":"(anonymous_2)","decl":{"start":{"line":7,"column":19},"end":{"line":7,"column":22}},"loc":{"start":{"line":7,"column":24},"end":{"line":9,"column":9}}},"3":{"name":"(anonymous_3)","decl":{"start":{"line":12,"column":17},"end":{"line":12,"column":20}},"loc":{"start":{"line":12,"column":22},"end":{"line":14,"column":7}}},"4":{"name":"(anonymous_4)","decl":{"start":{"line":19,"column":2},"end":{"line":19,"column":17}},"loc":{"start":{"line":19,"column":2},"end":{"line":19,"column":18}}},"5":{"name":"(anonymous_5)","decl":{"start":{"line":23,"column":2},"end":{"line":23,"column":10}},"loc":{"start":{"line":23,"column":25},"end":{"line":30,"column":3}}},"6":{"name":"(anonymous_6)","decl":{"start":{"line":32,"column":2},"end":{"line":32,"column":14}},"loc":{"start":{"line":32,"column":14},"end":{"line":52,"column":3}}}},"branchMap":{"0":{"loc":{"start":{"line":3,"column":2},"end":{"line":16,"column":4}},"type":"binary-expr","locations":[{"start":{"line":3,"column":2},"end":{"line":3,"column":32}},{"start":{"line":4,"column":3},"end":{"line":16,"column":3}}]},"1":{"loc":{"start":{"line":5,"column":4},"end":{"line":15,"column":5}},"type":"if","locations":[{"start":{"line":5,"column":4},"end":{"line":15,"column":5}},{"start":{"line":11,"column":11},"end":{"line":15,"column":5}}]},"2":{"loc":{"start":{"line":26,"column":4},"end":{"line":29,"column":5}},"type":"if","locations":[{"start":{"line":26,"column":4},"end":{"line":29,"column":5}},{"start":{},"end":{}}]},"3":{"loc":{"start":{"line":36,"column":4},"end":{"line":36,"column":48}},"type":"if","locations":[{"start":{"line":36,"column":4},"end":{"line":36,"column":48}},{"start":{},"end":{}}]},"4":{"loc":{"start":{"line":41,"column":4},"end":{"line":44,"column":5}},"type":"if","locations":[{"start":{"line":41,"column":4},"end":{"line":44,"column":5}},{"start":{},"end":{}}]},"5":{"loc":{"start":{"line":48,"column":4},"end":{"line":48,"column":64}},"type":"if","locations":[{"start":{"line":48,"column":4},"end":{"line":48,"column":64}},{"start":{},"end":{}}]}},"s":{"0":2,"1":2,"2":2,"3":0,"4":0,"5":0,"6":2,"7":2,"8":2,"9":2,"10":1,"11":1,"12":1,"13":1,"14":1,"15":1,"16":1,"17":1,"18":1,"19":0,"20":1,"21":1,"22":0,"23":0,"24":1,"25":1,"26":1,"27":0,"28":2},"f":{"0":2,"1":0,"2":0,"3":2,"4":2,"5":1,"6":1},"b":{"0":[2,2],"1":[0,2],"2":[1,0],"3":[0,1],"4":[0,1],"5":[1,0]}}
}
