{"/Users/linjiajian/Desktop/my/my-project/uma/packages/signal/src/index.ts": {"path":"/Users/linjiajian/Desktop/my/my-project/uma/packages/signal/src/index.ts","statementMap":{"0":{"start":{"line":1,"column":0},"end":{"line":1,"column":59}},"1":{"start":{"line":3,"column":0},"end":{"line":3,"column":null}},"2":{"start":{"line":4,"column":2},"end":{"line":4,"column":null}},"3":{"start":{"line":5,"column":2},"end":{"line":5,"column":null}},"4":{"start":{"line":6,"column":2},"end":{"line":6,"column":null}},"5":{"start":{"line":7,"column":2},"end":{"line":7,"column":null}},"6":{"start":{"line":8,"column":2},"end":{"line":8,"column":null}},"7":{"start":{"line":17,"column":14},"end":{"line":17,"column":15}},"8":{"start":{"line":18,"column":9},"end":{"line":18,"column":10}},"9":{"start":{"line":26,"column":19},"end":{"line":26,"column":40}},"10":{"start":{"line":28,"column":17},"end":{"line":64,"column":1}},"11":{"start":{"line":29,"column":14},"end":{"line":29,"column":15}},"12":{"start":{"line":30,"column":2},"end":{"line":57,"column":4}},"13":{"start":{"line":39,"column":6},"end":{"line":41,"column":7}},"14":{"start":{"line":40,"column":8},"end":{"line":40,"column":20}},"15":{"start":{"line":43,"column":23},"end":{"line":43,"column":32}},"16":{"start":{"line":44,"column":21},"end":{"line":44,"column":34}},"17":{"start":{"line":45,"column":6},"end":{"line":49,"column":7}},"18":{"start":{"line":46,"column":8},"end":{"line":46,"column":36}},"19":{"start":{"line":48,"column":8},"end":{"line":48,"column":34}},"20":{"start":{"line":51,"column":6},"end":{"line":53,"column":7}},"21":{"start":{"line":52,"column":8},"end":{"line":52,"column":45}},"22":{"start":{"line":54,"column":6},"end":{"line":54,"column":14}},"23":{"start":{"line":58,"column":2},"end":{"line":62,"column":3}},"24":{"start":{"line":59,"column":20},"end":{"line":59,"column":40}},"25":{"start":{"line":60,"column":22},"end":{"line":60,"column":37}},"26":{"start":{"line":61,"column":4},"end":{"line":61,"column":23}},"27":{"start":{"line":63,"column":2},"end":{"line":63,"column":21}},"28":{"start":{"line":66,"column":17},"end":{"line":66,"column":39}},"29":{"start":{"line":86,"column":12},"end":{"line":86,"column":24}},"30":{"start":{"line":69,"column":2},"end":{"line":69,"column":15}},"31":{"start":{"line":70,"column":2},"end":{"line":70,"column":12}},"32":{"start":{"line":79,"column":2},"end":{"line":79,"column":22}},"33":{"start":{"line":80,"column":2},"end":{"line":80,"column":23}},"34":{"start":{"line":92,"column":4},"end":{"line":92,"column":42}},"35":{"start":{"line":96,"column":4},"end":{"line":96,"column":26}},"36":{"start":{"line":103,"column":21},"end":{"line":103,"column":35}},"37":{"start":{"line":105,"column":4},"end":{"line":107,"column":5}},"38":{"start":{"line":106,"column":6},"end":{"line":106,"column":34}},"39":{"start":{"line":108,"column":4},"end":{"line":110,"column":5}},"40":{"start":{"line":109,"column":6},"end":{"line":109,"column":24}},"41":{"start":{"line":113,"column":4},"end":{"line":113,"column":28}},"42":{"start":{"line":115,"column":4},"end":{"line":115,"column":26}},"43":{"start":{"line":116,"column":4},"end":{"line":132,"column":5}},"44":{"start":{"line":117,"column":16},"end":{"line":117,"column":27}},"45":{"start":{"line":118,"column":6},"end":{"line":122,"column":7}},"46":{"start":{"line":119,"column":8},"end":{"line":119,"column":23}},"47":{"start":{"line":121,"column":8},"end":{"line":121,"column":31}},"48":{"start":{"line":123,"column":6},"end":{"line":123,"column":24}},"49":{"start":{"line":125,"column":6},"end":{"line":125,"column":51}},"50":{"start":{"line":126,"column":6},"end":{"line":126,"column":24}},"51":{"start":{"line":129,"column":20},"end":{"line":129,"column":44}},"52":{"start":{"line":130,"column":6},"end":{"line":130,"column":28}},"53":{"start":{"line":131,"column":6},"end":{"line":131,"column":34}},"54":{"start":{"line":137,"column":19},"end":{"line":137,"column":23}},"55":{"start":{"line":139,"column":4},"end":{"line":141,"column":5}},"56":{"start":{"line":140,"column":6},"end":{"line":140,"column":24}},"57":{"start":{"line":142,"column":4},"end":{"line":189,"column":6}},"58":{"start":{"line":146,"column":8},"end":{"line":146,"column":38}},"59":{"start":{"line":155,"column":8},"end":{"line":157,"column":9}},"60":{"start":{"line":156,"column":10},"end":{"line":156,"column":22}},"61":{"start":{"line":158,"column":8},"end":{"line":158,"column":34}},"62":{"start":{"line":161,"column":8},"end":{"line":161,"column":41}},"63":{"start":{"line":162,"column":21},"end":{"line":162,"column":54}},"64":{"start":{"line":165,"column":8},"end":{"line":185,"column":9}},"65":{"start":{"line":168,"column":13},"end":{"line":185,"column":9}},"66":{"start":{"line":169,"column":30},"end":{"line":169,"column":44}},"67":{"start":{"line":170,"column":10},"end":{"line":170,"column":54}},"68":{"start":{"line":171,"column":30},"end":{"line":171,"column":42}},"69":{"start":{"line":173,"column":10},"end":{"line":173,"column":34}},"70":{"start":{"line":176,"column":10},"end":{"line":178,"column":11}},"71":{"start":{"line":177,"column":12},"end":{"line":177,"column":40}},"72":{"start":{"line":179,"column":10},"end":{"line":179,"column":37}},"73":{"start":{"line":180,"column":10},"end":{"line":180,"column":39}},"74":{"start":{"line":183,"column":13},"end":{"line":185,"column":9}},"75":{"start":{"line":184,"column":10},"end":{"line":184,"column":35}},"76":{"start":{"line":186,"column":8},"end":{"line":186,"column":31}},"77":{"start":{"line":187,"column":8},"end":{"line":187,"column":35}},"78":{"start":{"line":190,"column":4},"end":{"line":190,"column":22}},"79":{"start":{"line":195,"column":4},"end":{"line":197,"column":5}},"80":{"start":{"line":196,"column":6},"end":{"line":196,"column":36}},"81":{"start":{"line":199,"column":4},"end":{"line":199,"column":27}},"82":{"start":{"line":203,"column":16},"end":{"line":203,"column":30}},"83":{"start":{"line":204,"column":4},"end":{"line":209,"column":5}},"84":{"start":{"line":205,"column":25},"end":{"line":205,"column":51}},"85":{"start":{"line":206,"column":6},"end":{"line":206,"column":38}},"86":{"start":{"line":207,"column":6},"end":{"line":207,"column":41}},"87":{"start":{"line":208,"column":6},"end":{"line":208,"column":33}},"88":{"start":{"line":213,"column":4},"end":{"line":215,"column":5}},"89":{"start":{"line":214,"column":6},"end":{"line":214,"column":13}},"90":{"start":{"line":216,"column":4},"end":{"line":216,"column":23}},"91":{"start":{"line":217,"column":4},"end":{"line":217,"column":14}},"92":{"start":{"line":218,"column":4},"end":{"line":218,"column":26}},"93":{"start":{"line":222,"column":4},"end":{"line":224,"column":5}},"94":{"start":{"line":223,"column":6},"end":{"line":223,"column":38}},"95":{"start":{"line":225,"column":4},"end":{"line":225,"column":22}},"96":{"start":{"line":229,"column":4},"end":{"line":229,"column":61}},"97":{"start":{"line":233,"column":4},"end":{"line":233,"column":34}},"98":{"start":{"line":234,"column":4},"end":{"line":234,"column":25}},"99":{"start":{"line":255,"column":13},"end":{"line":255,"column":14}},"100":{"start":{"line":257,"column":28},"end":{"line":257,"column":30}},"101":{"start":{"line":258,"column":18},"end":{"line":258,"column":49}},"102":{"start":{"line":259,"column":18},"end":{"line":259,"column":50}},"103":{"start":{"line":261,"column":22},"end":{"line":261,"column":59}},"104":{"start":{"line":262,"column":25},"end":{"line":262,"column":57}},"105":{"start":{"line":264,"column":2},"end":{"line":304,"column":3}},"106":{"start":{"line":265,"column":20},"end":{"line":269,"column":6}},"107":{"start":{"line":270,"column":4},"end":{"line":270,"column":25}},"108":{"start":{"line":271,"column":4},"end":{"line":271,"column":25}},"109":{"start":{"line":272,"column":4},"end":{"line":276,"column":5}},"110":{"start":{"line":273,"column":25},"end":{"line":273,"column":38}},"111":{"start":{"line":274,"column":6},"end":{"line":274,"column":24}},"112":{"start":{"line":275,"column":6},"end":{"line":275,"column":15}},"113":{"start":{"line":278,"column":4},"end":{"line":303,"column":5}},"114":{"start":{"line":279,"column":6},"end":{"line":284,"column":9}},"115":{"start":{"line":287,"column":6},"end":{"line":287,"column":29}},"116":{"start":{"line":289,"column":6},"end":{"line":291,"column":7}},"117":{"start":{"line":290,"column":8},"end":{"line":290,"column":15}},"118":{"start":{"line":293,"column":23},"end":{"line":293,"column":40}},"119":{"start":{"line":295,"column":6},"end":{"line":300,"column":7}},"120":{"start":{"line":297,"column":8},"end":{"line":297,"column":24}},"121":{"start":{"line":298,"column":8},"end":{"line":298,"column":33}},"122":{"start":{"line":299,"column":8},"end":{"line":299,"column":14}},"123":{"start":{"line":302,"column":6},"end":{"line":302,"column":34}},"124":{"start":{"line":309,"column":4},"end":{"line":309,"column":20}},"125":{"start":{"line":309,"column":13},"end":{"line":309,"column":20}},"126":{"start":{"line":311,"column":22},"end":{"line":311,"column":24}},"127":{"start":{"line":312,"column":29},"end":{"line":312,"column":31}},"128":{"start":{"line":313,"column":17},"end":{"line":313,"column":24}},"129":{"start":{"line":315,"column":13},"end":{"line":315,"column":46}},"130":{"start":{"line":317,"column":4},"end":{"line":317,"column":28}},"131":{"start":{"line":319,"column":28},"end":{"line":319,"column":40}},"132":{"start":{"line":321,"column":4},"end":{"line":342,"column":5}},"133":{"start":{"line":322,"column":6},"end":{"line":322,"column":24}},"134":{"start":{"line":324,"column":6},"end":{"line":324,"column":31}},"135":{"start":{"line":325,"column":6},"end":{"line":325,"column":30}},"136":{"start":{"line":326,"column":6},"end":{"line":326,"column":52}},"137":{"start":{"line":327,"column":6},"end":{"line":327,"column":52}},"138":{"start":{"line":330,"column":9},"end":{"line":342,"column":5}},"139":{"start":{"line":331,"column":6},"end":{"line":331,"column":30}},"140":{"start":{"line":337,"column":6},"end":{"line":337,"column":24}},"141":{"start":{"line":338,"column":6},"end":{"line":338,"column":31}},"142":{"start":{"line":339,"column":6},"end":{"line":339,"column":30}},"143":{"start":{"line":340,"column":6},"end":{"line":340,"column":52}},"144":{"start":{"line":341,"column":6},"end":{"line":341,"column":54}},"145":{"start":{"line":344,"column":4},"end":{"line":346,"column":5}},"146":{"start":{"line":345,"column":6},"end":{"line":345,"column":28}},"147":{"start":{"line":350,"column":89},"end":{"line":350,"column":93}},"148":{"start":{"line":351,"column":4},"end":{"line":351,"column":34}},"149":{"start":{"line":352,"column":4},"end":{"line":352,"column":34}},"150":{"start":{"line":353,"column":4},"end":{"line":353,"column":33}},"151":{"start":{"line":354,"column":4},"end":{"line":354,"column":33}},"152":{"start":{"line":355,"column":4},"end":{"line":355,"column":30}},"153":{"start":{"line":356,"column":4},"end":{"line":356,"column":32}},"154":{"start":{"line":359,"column":4},"end":{"line":364,"column":5}},"155":{"start":{"line":360,"column":6},"end":{"line":360,"column":47}},"156":{"start":{"line":363,"column":6},"end":{"line":363,"column":40}},"157":{"start":{"line":365,"column":4},"end":{"line":370,"column":5}},"158":{"start":{"line":366,"column":6},"end":{"line":366,"column":47}},"159":{"start":{"line":369,"column":6},"end":{"line":369,"column":38}},"160":{"start":{"line":376,"column":4},"end":{"line":381,"column":5}},"161":{"start":{"line":377,"column":6},"end":{"line":377,"column":44}},"162":{"start":{"line":380,"column":6},"end":{"line":380,"column":40}},"163":{"start":{"line":382,"column":4},"end":{"line":384,"column":5}},"164":{"start":{"line":383,"column":6},"end":{"line":383,"column":44}},"165":{"start":{"line":389,"column":16},"end":{"line":389,"column":20}},"166":{"start":{"line":390,"column":4},"end":{"line":394,"column":5}},"167":{"start":{"line":391,"column":23},"end":{"line":391,"column":40}},"168":{"start":{"line":392,"column":6},"end":{"line":392,"column":25}},"169":{"start":{"line":393,"column":6},"end":{"line":393,"column":23}},"170":{"start":{"line":398,"column":16},"end":{"line":398,"column":20}},"171":{"start":{"line":399,"column":4},"end":{"line":403,"column":5}},"172":{"start":{"line":400,"column":23},"end":{"line":400,"column":41}},"173":{"start":{"line":401,"column":6},"end":{"line":401,"column":25}},"174":{"start":{"line":402,"column":6},"end":{"line":402,"column":23}},"175":{"start":{"line":408,"column":4},"end":{"line":410,"column":5}},"176":{"start":{"line":409,"column":6},"end":{"line":409,"column":32}},"177":{"start":{"line":411,"column":4},"end":{"line":411,"column":28}},"178":{"start":{"line":412,"column":4},"end":{"line":412,"column":29}},"179":{"start":{"line":416,"column":4},"end":{"line":418,"column":5}},"180":{"start":{"line":417,"column":6},"end":{"line":417,"column":33}},"181":{"start":{"line":419,"column":4},"end":{"line":419,"column":29}},"182":{"start":{"line":420,"column":4},"end":{"line":420,"column":33}},"183":{"start":{"line":425,"column":4},"end":{"line":425,"column":27}},"184":{"start":{"line":425,"column":20},"end":{"line":425,"column":27}},"185":{"start":{"line":426,"column":4},"end":{"line":426,"column":25}},"186":{"start":{"line":427,"column":4},"end":{"line":427,"column":25}},"187":{"start":{"line":432,"column":4},"end":{"line":432,"column":27}},"188":{"start":{"line":432,"column":20},"end":{"line":432,"column":27}},"189":{"start":{"line":433,"column":4},"end":{"line":433,"column":24}},"190":{"start":{"line":434,"column":4},"end":{"line":434,"column":24}},"191":{"start":{"line":438,"column":4},"end":{"line":438,"column":26}},"192":{"start":{"line":439,"column":4},"end":{"line":439,"column":26}},"193":{"start":{"line":440,"column":4},"end":{"line":440,"column":26}},"194":{"start":{"line":441,"column":4},"end":{"line":441,"column":26}},"195":{"start":{"line":445,"column":4},"end":{"line":445,"column":25}},"196":{"start":{"line":446,"column":4},"end":{"line":446,"column":25}},"197":{"start":{"line":447,"column":4},"end":{"line":447,"column":25}},"198":{"start":{"line":448,"column":4},"end":{"line":448,"column":25}},"199":{"start":{"line":474,"column":4},"end":{"line":476,"column":5}},"200":{"start":{"line":475,"column":6},"end":{"line":475,"column":23}},"201":{"start":{"line":477,"column":4},"end":{"line":477,"column":22}},"202":{"start":{"line":481,"column":21},"end":{"line":481,"column":38}},"203":{"start":{"line":481,"column":27},"end":{"line":481,"column":38}},"204":{"start":{"line":481,"column":13},"end":{"line":481,"column":21}},"205":{"start":{"line":483,"column":13},"end":{"line":483,"column":40}},"206":{"start":{"line":487,"column":0},"end":{"line":487,"column":null}},"207":{"start":{"line":488,"column":2},"end":{"line":488,"column":null}},"208":{"start":{"line":489,"column":2},"end":{"line":489,"column":null}},"209":{"start":{"line":490,"column":2},"end":{"line":490,"column":null}},"210":{"start":{"line":491,"column":2},"end":{"line":491,"column":null}},"211":{"start":{"line":494,"column":61},"end":{"line":499,"column":2}},"212":{"start":{"line":500,"column":25},"end":{"line":500,"column":100}},"213":{"start":{"line":500,"column":76},"end":{"line":500,"column":99}},"214":{"start":{"line":500,"column":13},"end":{"line":500,"column":25}},"215":{"start":{"line":503,"column":2},"end":{"line":505,"column":3}},"216":{"start":{"line":504,"column":4},"end":{"line":504,"column":24}},"217":{"start":{"line":507,"column":10},"end":{"line":507,"column":27}},"218":{"start":{"line":509,"column":2},"end":{"line":511,"column":5}},"219":{"start":{"line":510,"column":4},"end":{"line":510,"column":30}},"220":{"start":{"line":515,"column":0},"end":{"line":523,"column":1}},"221":{"start":{"line":516,"column":2},"end":{"line":516,"column":27}},"222":{"start":{"line":517,"column":2},"end":{"line":517,"column":27}},"223":{"start":{"line":518,"column":2},"end":{"line":522,"column":4}},"224":{"start":{"line":519,"column":4},"end":{"line":521,"column":5}},"225":{"start":{"line":520,"column":6},"end":{"line":520,"column":27}},"226":{"start":{"line":525,"column":2},"end":{"line":528,"column":3}},"227":{"start":{"line":526,"column":4},"end":{"line":526,"column":53}},"228":{"start":{"line":526,"column":26},"end":{"line":526,"column":51}},"229":{"start":{"line":527,"column":4},"end":{"line":527,"column":28}},"230":{"start":{"line":529,"column":2},"end":{"line":531,"column":5}},"231":{"start":{"line":530,"column":4},"end":{"line":530,"column":30}},"232":{"start":{"line":534,"column":2},"end":{"line":536,"column":5}},"233":{"start":{"line":535,"column":4},"end":{"line":535,"column":30}},"234":{"start":{"line":539,"column":31},"end":{"line":542,"column":2}},"235":{"start":{"line":551,"column":28},"end":{"line":559,"column":1}},"236":{"start":{"line":552,"column":2},"end":{"line":552,"column":46}},"237":{"start":{"line":553,"column":2},"end":{"line":558,"column":4}},"238":{"start":{"line":554,"column":15},"end":{"line":554,"column":29}},"239":{"start":{"line":555,"column":4},"end":{"line":555,"column":25}},"240":{"start":{"line":556,"column":4},"end":{"line":556,"column":33}},"241":{"start":{"line":557,"column":4},"end":{"line":557,"column":27}},"242":{"start":{"line":551,"column":13},"end":{"line":551,"column":28}},"243":{"start":{"line":566,"column":31},"end":{"line":587,"column":1}},"244":{"start":{"line":568,"column":2},"end":{"line":573,"column":3}},"245":{"start":{"line":569,"column":4},"end":{"line":569,"column":26}},"246":{"start":{"line":570,"column":4},"end":{"line":570,"column":26}},"247":{"start":{"line":572,"column":4},"end":{"line":572,"column":21}},"248":{"start":{"line":574,"column":12},"end":{"line":574,"column":39}},"249":{"start":{"line":575,"column":2},"end":{"line":575,"column":29}},"250":{"start":{"line":576,"column":16},"end":{"line":576,"column":29}},"251":{"start":{"line":577,"column":2},"end":{"line":577,"column":19}},"252":{"start":{"line":578,"column":2},"end":{"line":585,"column":5}},"253":{"start":{"line":580,"column":6},"end":{"line":580,"column":21}},"254":{"start":{"line":583,"column":6},"end":{"line":583,"column":22}},"255":{"start":{"line":586,"column":2},"end":{"line":586,"column":22}},"256":{"start":{"line":566,"column":13},"end":{"line":566,"column":31}},"257":{"start":{"line":590,"column":21},"end":{"line":601,"column":1}},"258":{"start":{"line":591,"column":16},"end":{"line":591,"column":21}},"259":{"start":{"line":592,"column":2},"end":{"line":600,"column":19}},"260":{"start":{"line":593,"column":4},"end":{"line":595,"column":5}},"261":{"start":{"line":594,"column":6},"end":{"line":594,"column":12}},"262":{"start":{"line":596,"column":4},"end":{"line":598,"column":5}},"263":{"start":{"line":597,"column":6},"end":{"line":597,"column":16}},"264":{"start":{"line":599,"column":4},"end":{"line":599,"column":19}},"265":{"start":{"line":590,"column":13},"end":{"line":590,"column":21}},"266":{"start":{"line":603,"column":11},"end":{"line":603,"column":15}},"267":{"start":{"line":604,"column":11},"end":{"line":604,"column":15}},"268":{"start":{"line":605,"column":11},"end":{"line":605,"column":15}},"269":{"start":{"line":607,"column":11},"end":{"line":612,"column":2}},"270":{"start":{"line":608,"column":2},"end":{"line":610,"column":3}},"271":{"start":{"line":609,"column":4},"end":{"line":609,"column":16}},"272":{"start":{"line":611,"column":2},"end":{"line":611,"column":14}},"273":{"start":{"line":614,"column":11},"end":{"line":616,"column":2}},"274":{"start":{"line":615,"column":2},"end":{"line":615,"column":18}},"275":{"start":{"line":618,"column":11},"end":{"line":620,"column":2}},"276":{"start":{"line":619,"column":2},"end":{"line":619,"column":21}},"277":{"start":{"line":622,"column":11},"end":{"line":624,"column":2}},"278":{"start":{"line":623,"column":2},"end":{"line":623,"column":14}},"279":{"start":{"line":626,"column":0},"end":{"line":626,"column":5}},"280":{"start":{"line":627,"column":0},"end":{"line":627,"column":9}},"281":{"start":{"line":628,"column":0},"end":{"line":628,"column":18}}},"fnMap":{"0":{"name":"(anonymous_0)","decl":{"start":{"line":3,"column":0},"end":{"line":3,"column":12}},"loc":{"start":{"line":3,"column":17},"end":{"line":9,"column":1}}},"1":{"name":"(anonymous_1)","decl":{"start":{"line":28,"column":17},"end":{"line":28,"column":18}},"loc":{"start":{"line":28,"column":36},"end":{"line":64,"column":1}}},"2":{"name":"(anonymous_2)","decl":{"start":{"line":33,"column":4},"end":{"line":33,"column":5}},"loc":{"start":{"line":33,"column":17},"end":{"line":55,"column":5}}},"3":{"name":"(anonymous_3)","decl":{"start":{"line":56,"column":4},"end":{"line":56,"column":7}},"loc":{"start":{"line":56,"column":9},"end":{"line":56,"column":12}}},"4":{"name":"(anonymous_4)","decl":{"start":{"line":66,"column":17},"end":{"line":66,"column":18}},"loc":{"start":{"line":66,"column":36},"end":{"line":66,"column":39}}},"5":{"name":"(anonymous_5)","decl":{"start":{"line":85,"column":2},"end":{"line":85,"column":null}},"loc":{"start":{"line":90,"column":18},"end":{"line":93,"column":3}}},"6":{"name":"(anonymous_6)","decl":{"start":{"line":95,"column":2},"end":{"line":95,"column":14}},"loc":{"start":{"line":95,"column":14},"end":{"line":97,"column":3}}},"7":{"name":"(anonymous_7)","decl":{"start":{"line":102,"column":2},"end":{"line":102,"column":13}},"loc":{"start":{"line":102,"column":31},"end":{"line":133,"column":3}}},"8":{"name":"(anonymous_8)","decl":{"start":{"line":135,"column":2},"end":{"line":135,"column":10}},"loc":{"start":{"line":135,"column":10},"end":{"line":191,"column":3}}},"9":{"name":"(anonymous_9)","decl":{"start":{"line":145,"column":6},"end":{"line":145,"column":7}},"loc":{"start":{"line":145,"column":19},"end":{"line":159,"column":7}}},"10":{"name":"(anonymous_10)","decl":{"start":{"line":160,"column":6},"end":{"line":160,"column":7}},"loc":{"start":{"line":160,"column":68},"end":{"line":188,"column":7}}},"11":{"name":"(anonymous_11)","decl":{"start":{"line":193,"column":2},"end":{"line":193,"column":5}},"loc":{"start":{"line":193,"column":5},"end":{"line":200,"column":3}}},"12":{"name":"(anonymous_12)","decl":{"start":{"line":202,"column":2},"end":{"line":202,"column":22}},"loc":{"start":{"line":202,"column":22},"end":{"line":210,"column":3}}},"13":{"name":"(anonymous_13)","decl":{"start":{"line":212,"column":2},"end":{"line":212,"column":5}},"loc":{"start":{"line":212,"column":10},"end":{"line":219,"column":3}}},"14":{"name":"(anonymous_14)","decl":{"start":{"line":221,"column":2},"end":{"line":221,"column":5}},"loc":{"start":{"line":221,"column":20},"end":{"line":226,"column":3}}},"15":{"name":"(anonymous_15)","decl":{"start":{"line":228,"column":2},"end":{"line":228,"column":12}},"loc":{"start":{"line":228,"column":12},"end":{"line":230,"column":3}}},"16":{"name":"(anonymous_16)","decl":{"start":{"line":231,"column":2},"end":{"line":231,"column":9}},"loc":{"start":{"line":231,"column":9},"end":{"line":235,"column":3}}},"17":{"name":"dfs","decl":{"start":{"line":254,"column":9},"end":{"line":254,"column":12}},"loc":{"start":{"line":254,"column":106},"end":{"line":305,"column":1}}},"18":{"name":"(anonymous_18)","decl":{"start":{"line":308,"column":2},"end":{"line":308,"column":8}},"loc":{"start":{"line":308,"column":36},"end":{"line":347,"column":3}}},"19":{"name":"(anonymous_19)","decl":{"start":{"line":349,"column":2},"end":{"line":349,"column":8}},"loc":{"start":{"line":349,"column":26},"end":{"line":385,"column":3}}},"20":{"name":"(anonymous_20)","decl":{"start":{"line":387,"column":2},"end":{"line":387,"column":8}},"loc":{"start":{"line":387,"column":29},"end":{"line":395,"column":3}}},"21":{"name":"(anonymous_21)","decl":{"start":{"line":396,"column":2},"end":{"line":396,"column":8}},"loc":{"start":{"line":396,"column":30},"end":{"line":404,"column":3}}},"22":{"name":"(anonymous_22)","decl":{"start":{"line":407,"column":2},"end":{"line":407,"column":8}},"loc":{"start":{"line":407,"column":47},"end":{"line":413,"column":3}}},"23":{"name":"(anonymous_23)","decl":{"start":{"line":415,"column":2},"end":{"line":415,"column":8}},"loc":{"start":{"line":415,"column":48},"end":{"line":421,"column":3}}},"24":{"name":"(anonymous_24)","decl":{"start":{"line":424,"column":2},"end":{"line":424,"column":8}},"loc":{"start":{"line":424,"column":42},"end":{"line":428,"column":3}}},"25":{"name":"(anonymous_25)","decl":{"start":{"line":431,"column":2},"end":{"line":431,"column":8}},"loc":{"start":{"line":431,"column":41},"end":{"line":435,"column":3}}},"26":{"name":"(anonymous_26)","decl":{"start":{"line":437,"column":2},"end":{"line":437,"column":8}},"loc":{"start":{"line":437,"column":55},"end":{"line":442,"column":3}}},"27":{"name":"(anonymous_27)","decl":{"start":{"line":444,"column":2},"end":{"line":444,"column":8}},"loc":{"start":{"line":444,"column":54},"end":{"line":449,"column":3}}},"28":{"name":"(anonymous_28)","decl":{"start":{"line":464,"column":2},"end":{"line":464,"column":17}},"loc":{"start":{"line":464,"column":2},"end":{"line":464,"column":18}}},"29":{"name":"(anonymous_29)","decl":{"start":{"line":473,"column":2},"end":{"line":473,"column":9}},"loc":{"start":{"line":473,"column":9},"end":{"line":478,"column":3}}},"30":{"name":"(anonymous_30)","decl":{"start":{"line":481,"column":21},"end":{"line":481,"column":24}},"loc":{"start":{"line":481,"column":27},"end":{"line":481,"column":38}}},"31":{"name":"(anonymous_31)","decl":{"start":{"line":487,"column":0},"end":{"line":487,"column":12}},"loc":{"start":{"line":487,"column":21},"end":{"line":492,"column":1}}},"32":{"name":"(anonymous_32)","decl":{"start":{"line":500,"column":25},"end":{"line":500,"column":26}},"loc":{"start":{"line":500,"column":76},"end":{"line":500,"column":99}}},"33":{"name":"defaultScheduler","decl":{"start":{"line":502,"column":9},"end":{"line":502,"column":25}},"loc":{"start":{"line":502,"column":43},"end":{"line":506,"column":1}}},"34":{"name":"microScheduler","decl":{"start":{"line":508,"column":9},"end":{"line":508,"column":23}},"loc":{"start":{"line":508,"column":41},"end":{"line":512,"column":1}}},"35":{"name":"(anonymous_35)","decl":{"start":{"line":509,"column":9},"end":{"line":509,"column":12}},"loc":{"start":{"line":509,"column":14},"end":{"line":511,"column":3}}},"36":{"name":"(anonymous_36)","decl":{"start":{"line":518,"column":22},"end":{"line":518,"column":25}},"loc":{"start":{"line":518,"column":27},"end":{"line":522,"column":3}}},"37":{"name":"macroScheduler","decl":{"start":{"line":524,"column":9},"end":{"line":524,"column":23}},"loc":{"start":{"line":524,"column":41},"end":{"line":532,"column":1}}},"38":{"name":"(anonymous_38)","decl":{"start":{"line":526,"column":20},"end":{"line":526,"column":23}},"loc":{"start":{"line":526,"column":26},"end":{"line":526,"column":51}}},"39":{"name":"(anonymous_39)","decl":{"start":{"line":529,"column":13},"end":{"line":529,"column":16}},"loc":{"start":{"line":529,"column":18},"end":{"line":531,"column":3}}},"40":{"name":"schedulerLayout","decl":{"start":{"line":533,"column":9},"end":{"line":533,"column":24}},"loc":{"start":{"line":533,"column":42},"end":{"line":537,"column":1}}},"41":{"name":"(anonymous_41)","decl":{"start":{"line":534,"column":24},"end":{"line":534,"column":27}},"loc":{"start":{"line":534,"column":29},"end":{"line":536,"column":3}}},"42":{"name":"(anonymous_42)","decl":{"start":{"line":551,"column":28},"end":{"line":551,"column":29}},"loc":{"start":{"line":551,"column":67},"end":{"line":559,"column":1}}},"43":{"name":"(anonymous_43)","decl":{"start":{"line":553,"column":9},"end":{"line":553,"column":13}},"loc":{"start":{"line":553,"column":30},"end":{"line":558,"column":3}}},"44":{"name":"(anonymous_44)","decl":{"start":{"line":566,"column":31},"end":{"line":566,"column":32}},"loc":{"start":{"line":566,"column":81},"end":{"line":587,"column":1}}},"45":{"name":"(anonymous_45)","decl":{"start":{"line":579,"column":4},"end":{"line":579,"column":7}},"loc":{"start":{"line":579,"column":7},"end":{"line":581,"column":5}}},"46":{"name":"(anonymous_46)","decl":{"start":{"line":582,"column":4},"end":{"line":582,"column":7}},"loc":{"start":{"line":582,"column":9},"end":{"line":584,"column":5}}},"47":{"name":"(anonymous_47)","decl":{"start":{"line":590,"column":21},"end":{"line":590,"column":22}},"loc":{"start":{"line":590,"column":103},"end":{"line":601,"column":1}}},"48":{"name":"(anonymous_48)","decl":{"start":{"line":592,"column":4},"end":{"line":592,"column":7}},"loc":{"start":{"line":592,"column":9},"end":{"line":600,"column":3}}},"49":{"name":"(anonymous_49)","decl":{"start":{"line":607,"column":13},"end":{"line":607,"column":16}},"loc":{"start":{"line":607,"column":18},"end":{"line":612,"column":1}}},"50":{"name":"(anonymous_50)","decl":{"start":{"line":614,"column":13},"end":{"line":614,"column":16}},"loc":{"start":{"line":614,"column":18},"end":{"line":616,"column":1}}},"51":{"name":"(anonymous_51)","decl":{"start":{"line":618,"column":13},"end":{"line":618,"column":16}},"loc":{"start":{"line":618,"column":18},"end":{"line":620,"column":1}}},"52":{"name":"(anonymous_52)","decl":{"start":{"line":622,"column":13},"end":{"line":622,"column":16}},"loc":{"start":{"line":622,"column":18},"end":{"line":624,"column":1}}}},"branchMap":{"0":{"loc":{"start":{"line":3,"column":12},"end":{"line":3,"column":null}},"type":"binary-expr","locations":[{"start":{"line":3,"column":12},"end":{"line":3,"column":17}},{"start":{"line":3,"column":17},"end":{"line":3,"column":null}}]},"1":{"loc":{"start":{"line":39,"column":6},"end":{"line":41,"column":7}},"type":"if","locations":[{"start":{"line":39,"column":6},"end":{"line":41,"column":7}},{"start":{},"end":{}}]},"2":{"loc":{"start":{"line":45,"column":6},"end":{"line":49,"column":7}},"type":"if","locations":[{"start":{"line":45,"column":6},"end":{"line":49,"column":7}},{"start":{"line":47,"column":13},"end":{"line":49,"column":7}}]},"3":{"loc":{"start":{"line":51,"column":6},"end":{"line":53,"column":7}},"type":"if","locations":[{"start":{"line":51,"column":6},"end":{"line":53,"column":7}},{"start":{},"end":{}}]},"4":{"loc":{"start":{"line":51,"column":10},"end":{"line":51,"column":28}},"type":"binary-expr","locations":[{"start":{"line":51,"column":10},"end":{"line":51,"column":16}},{"start":{"line":51,"column":20},"end":{"line":51,"column":28}}]},"5":{"loc":{"start":{"line":92,"column":16},"end":{"line":92,"column":41}},"type":"binary-expr","locations":[{"start":{"line":92,"column":16},"end":{"line":92,"column":20}},{"start":{"line":92,"column":24},"end":{"line":92,"column":41}}]},"6":{"loc":{"start":{"line":102,"column":14},"end":{"line":102,"column":31}},"type":"default-arg","locations":[{"start":{"line":102,"column":27},"end":{"line":102,"column":31}}]},"7":{"loc":{"start":{"line":105,"column":4},"end":{"line":107,"column":5}},"type":"if","locations":[{"start":{"line":105,"column":4},"end":{"line":107,"column":5}},{"start":{},"end":{}}]},"8":{"loc":{"start":{"line":108,"column":4},"end":{"line":110,"column":5}},"type":"if","locations":[{"start":{"line":108,"column":4},"end":{"line":110,"column":5}},{"start":{},"end":{}}]},"9":{"loc":{"start":{"line":118,"column":6},"end":{"line":122,"column":7}},"type":"if","locations":[{"start":{"line":118,"column":6},"end":{"line":122,"column":7}},{"start":{},"end":{}}]},"10":{"loc":{"start":{"line":129,"column":20},"end":{"line":129,"column":44}},"type":"cond-expr","locations":[{"start":{"line":129,"column":31},"end":{"line":129,"column":33}},{"start":{"line":129,"column":31},"end":{"line":129,"column":44}}]},"11":{"loc":{"start":{"line":129,"column":20},"end":{"line":129,"column":33}},"type":"binary-expr","locations":[{"start":{"line":129,"column":20},"end":{"line":129,"column":33}},{"start":{"line":129,"column":31},"end":{"line":129,"column":33}}]},"12":{"loc":{"start":{"line":139,"column":4},"end":{"line":141,"column":5}},"type":"if","locations":[{"start":{"line":139,"column":4},"end":{"line":141,"column":5}},{"start":{},"end":{}}]},"13":{"loc":{"start":{"line":155,"column":8},"end":{"line":157,"column":9}},"type":"if","locations":[{"start":{"line":155,"column":8},"end":{"line":157,"column":9}},{"start":{},"end":{}}]},"14":{"loc":{"start":{"line":155,"column":12},"end":{"line":155,"column":66}},"type":"binary-expr","locations":[{"start":{"line":155,"column":12},"end":{"line":155,"column":36}},{"start":{"line":155,"column":40},"end":{"line":155,"column":66}}]},"15":{"loc":{"start":{"line":165,"column":8},"end":{"line":185,"column":9}},"type":"if","locations":[{"start":{"line":165,"column":8},"end":{"line":185,"column":9}},{"start":{"line":168,"column":13},"end":{"line":185,"column":9}}]},"16":{"loc":{"start":{"line":168,"column":13},"end":{"line":185,"column":9}},"type":"if","locations":[{"start":{"line":168,"column":13},"end":{"line":185,"column":9}},{"start":{"line":183,"column":13},"end":{"line":185,"column":9}}]},"17":{"loc":{"start":{"line":170,"column":27},"end":{"line":170,"column":53}},"type":"cond-expr","locations":[{"start":{"line":170,"column":31},"end":{"line":170,"column":33}},{"start":{"line":170,"column":27},"end":{"line":170,"column":53}}]},"18":{"loc":{"start":{"line":170,"column":27},"end":{"line":170,"column":33}},"type":"binary-expr","locations":[{"start":{"line":170,"column":27},"end":{"line":170,"column":33}},{"start":{"line":170,"column":27},"end":{"line":170,"column":33}}]},"19":{"loc":{"start":{"line":176,"column":10},"end":{"line":178,"column":11}},"type":"if","locations":[{"start":{"line":176,"column":10},"end":{"line":178,"column":11}},{"start":{},"end":{}}]},"20":{"loc":{"start":{"line":183,"column":13},"end":{"line":185,"column":9}},"type":"if","locations":[{"start":{"line":183,"column":13},"end":{"line":185,"column":9}},{"start":{},"end":{}}]},"21":{"loc":{"start":{"line":195,"column":4},"end":{"line":197,"column":5}},"type":"if","locations":[{"start":{"line":195,"column":4},"end":{"line":197,"column":5}},{"start":{},"end":{}}]},"22":{"loc":{"start":{"line":213,"column":4},"end":{"line":215,"column":5}},"type":"if","locations":[{"start":{"line":213,"column":4},"end":{"line":215,"column":5}},{"start":{},"end":{}}]},"23":{"loc":{"start":{"line":213,"column":8},"end":{"line":213,"column":41}},"type":"binary-expr","locations":[{"start":{"line":213,"column":8},"end":{"line":213,"column":21}},{"start":{"line":213,"column":25},"end":{"line":213,"column":41}}]},"24":{"loc":{"start":{"line":222,"column":4},"end":{"line":224,"column":5}},"type":"if","locations":[{"start":{"line":222,"column":4},"end":{"line":224,"column":5}},{"start":{},"end":{}}]},"25":{"loc":{"start":{"line":229,"column":4},"end":{"line":229,"column":60}},"type":"binary-expr","locations":[{"start":{"line":229,"column":4},"end":{"line":229,"column":46}},{"start":{"line":229,"column":50},"end":{"line":229,"column":60}}]},"26":{"loc":{"start":{"line":254,"column":24},"end":{"line":254,"column":36}},"type":"default-arg","locations":[{"start":{"line":254,"column":31},"end":{"line":254,"column":36}}]},"27":{"loc":{"start":{"line":258,"column":18},"end":{"line":258,"column":49}},"type":"cond-expr","locations":[{"start":{"line":258,"column":25},"end":{"line":258,"column":35}},{"start":{"line":258,"column":38},"end":{"line":258,"column":49}}]},"28":{"loc":{"start":{"line":259,"column":18},"end":{"line":259,"column":50}},"type":"cond-expr","locations":[{"start":{"line":259,"column":25},"end":{"line":259,"column":35}},{"start":{"line":259,"column":38},"end":{"line":259,"column":50}}]},"29":{"loc":{"start":{"line":261,"column":22},"end":{"line":261,"column":59}},"type":"cond-expr","locations":[{"start":{"line":261,"column":29},"end":{"line":261,"column":42}},{"start":{"line":261,"column":45},"end":{"line":261,"column":59}}]},"30":{"loc":{"start":{"line":262,"column":25},"end":{"line":262,"column":57}},"type":"cond-expr","locations":[{"start":{"line":262,"column":32},"end":{"line":262,"column":44}},{"start":{"line":262,"column":47},"end":{"line":262,"column":57}}]},"31":{"loc":{"start":{"line":272,"column":4},"end":{"line":276,"column":5}},"type":"if","locations":[{"start":{"line":272,"column":4},"end":{"line":276,"column":5}},{"start":{},"end":{}}]},"32":{"loc":{"start":{"line":272,"column":8},"end":{"line":272,"column":26}},"type":"binary-expr","locations":[{"start":{"line":272,"column":8},"end":{"line":272,"column":12}},{"start":{"line":272,"column":16},"end":{"line":272,"column":26}}]},"33":{"loc":{"start":{"line":279,"column":6},"end":{"line":284,"column":8}},"type":"cond-expr","locations":[{"start":{"line":279,"column":14},"end":{"line":279,"column":17}},{"start":{"line":279,"column":6},"end":{"line":284,"column":8}}]},"34":{"loc":{"start":{"line":279,"column":6},"end":{"line":279,"column":17}},"type":"binary-expr","locations":[{"start":{"line":279,"column":6},"end":{"line":279,"column":17}},{"start":{"line":279,"column":6},"end":{"line":279,"column":17}}]},"35":{"loc":{"start":{"line":289,"column":6},"end":{"line":291,"column":7}},"type":"if","locations":[{"start":{"line":289,"column":6},"end":{"line":291,"column":7}},{"start":{},"end":{}}]},"36":{"loc":{"start":{"line":295,"column":6},"end":{"line":300,"column":7}},"type":"if","locations":[{"start":{"line":295,"column":6},"end":{"line":300,"column":7}},{"start":{},"end":{}}]},"37":{"loc":{"start":{"line":309,"column":4},"end":{"line":309,"column":20}},"type":"if","locations":[{"start":{"line":309,"column":4},"end":{"line":309,"column":20}},{"start":{},"end":{}}]},"38":{"loc":{"start":{"line":317,"column":13},"end":{"line":317,"column":27}},"type":"binary-expr","locations":[{"start":{"line":317,"column":13},"end":{"line":317,"column":19}},{"start":{"line":317,"column":23},"end":{"line":317,"column":27}}]},"39":{"loc":{"start":{"line":319,"column":28},"end":{"line":319,"column":40}},"type":"binary-expr","locations":[{"start":{"line":319,"column":28},"end":{"line":319,"column":34}},{"start":{"line":319,"column":38},"end":{"line":319,"column":40}}]},"40":{"loc":{"start":{"line":321,"column":4},"end":{"line":342,"column":5}},"type":"if","locations":[{"start":{"line":321,"column":4},"end":{"line":342,"column":5}},{"start":{"line":330,"column":9},"end":{"line":342,"column":5}}]},"41":{"loc":{"start":{"line":326,"column":6},"end":{"line":326,"column":51}},"type":"binary-expr","locations":[{"start":{"line":326,"column":6},"end":{"line":326,"column":13}},{"start":{"line":326,"column":17},"end":{"line":326,"column":51}}]},"42":{"loc":{"start":{"line":327,"column":6},"end":{"line":327,"column":51}},"type":"binary-expr","locations":[{"start":{"line":327,"column":6},"end":{"line":327,"column":15}},{"start":{"line":327,"column":19},"end":{"line":327,"column":51}}]},"43":{"loc":{"start":{"line":330,"column":9},"end":{"line":342,"column":5}},"type":"if","locations":[{"start":{"line":330,"column":9},"end":{"line":342,"column":5}},{"start":{"line":336,"column":9},"end":{"line":342,"column":5}}]},"44":{"loc":{"start":{"line":340,"column":6},"end":{"line":340,"column":51}},"type":"binary-expr","locations":[{"start":{"line":340,"column":6},"end":{"line":340,"column":13}},{"start":{"line":340,"column":17},"end":{"line":340,"column":51}}]},"45":{"loc":{"start":{"line":359,"column":4},"end":{"line":364,"column":5}},"type":"if","locations":[{"start":{"line":359,"column":4},"end":{"line":364,"column":5}},{"start":{"line":361,"column":11},"end":{"line":364,"column":5}}]},"46":{"loc":{"start":{"line":365,"column":4},"end":{"line":370,"column":5}},"type":"if","locations":[{"start":{"line":365,"column":4},"end":{"line":370,"column":5}},{"start":{"line":367,"column":11},"end":{"line":370,"column":5}}]},"47":{"loc":{"start":{"line":376,"column":4},"end":{"line":381,"column":5}},"type":"if","locations":[{"start":{"line":376,"column":4},"end":{"line":381,"column":5}},{"start":{"line":378,"column":11},"end":{"line":381,"column":5}}]},"48":{"loc":{"start":{"line":382,"column":4},"end":{"line":384,"column":5}},"type":"if","locations":[{"start":{"line":382,"column":4},"end":{"line":384,"column":5}},{"start":{},"end":{}}]},"49":{"loc":{"start":{"line":408,"column":4},"end":{"line":410,"column":5}},"type":"if","locations":[{"start":{"line":408,"column":4},"end":{"line":410,"column":5}},{"start":{},"end":{}}]},"50":{"loc":{"start":{"line":416,"column":4},"end":{"line":418,"column":5}},"type":"if","locations":[{"start":{"line":416,"column":4},"end":{"line":418,"column":5}},{"start":{},"end":{}}]},"51":{"loc":{"start":{"line":425,"column":4},"end":{"line":425,"column":27}},"type":"if","locations":[{"start":{"line":425,"column":4},"end":{"line":425,"column":27}},{"start":{},"end":{}}]},"52":{"loc":{"start":{"line":425,"column":8},"end":{"line":425,"column":18}},"type":"binary-expr","locations":[{"start":{"line":425,"column":8},"end":{"line":425,"column":11}},{"start":{"line":425,"column":15},"end":{"line":425,"column":18}}]},"53":{"loc":{"start":{"line":432,"column":4},"end":{"line":432,"column":27}},"type":"if","locations":[{"start":{"line":432,"column":4},"end":{"line":432,"column":27}},{"start":{},"end":{}}]},"54":{"loc":{"start":{"line":432,"column":8},"end":{"line":432,"column":18}},"type":"binary-expr","locations":[{"start":{"line":432,"column":8},"end":{"line":432,"column":11}},{"start":{"line":432,"column":15},"end":{"line":432,"column":18}}]},"55":{"loc":{"start":{"line":487,"column":12},"end":{"line":487,"column":null}},"type":"binary-expr","locations":[{"start":{"line":487,"column":12},"end":{"line":487,"column":21}},{"start":{"line":487,"column":21},"end":{"line":487,"column":null}}]},"56":{"loc":{"start":{"line":515,"column":0},"end":{"line":523,"column":1}},"type":"if","locations":[{"start":{"line":515,"column":0},"end":{"line":523,"column":1}},{"start":{},"end":{}}]},"57":{"loc":{"start":{"line":525,"column":2},"end":{"line":528,"column":3}},"type":"if","locations":[{"start":{"line":525,"column":2},"end":{"line":528,"column":3}},{"start":{},"end":{}}]},"58":{"loc":{"start":{"line":551,"column":29},"end":{"line":551,"column":63}},"type":"default-arg","locations":[{"start":{"line":551,"column":61},"end":{"line":551,"column":63}}]},"59":{"loc":{"start":{"line":566,"column":48},"end":{"line":566,"column":77}},"type":"default-arg","locations":[{"start":{"line":566,"column":63},"end":{"line":566,"column":77}}]},"60":{"loc":{"start":{"line":568,"column":2},"end":{"line":573,"column":3}},"type":"if","locations":[{"start":{"line":568,"column":2},"end":{"line":573,"column":3}},{"start":{"line":571,"column":9},"end":{"line":573,"column":3}}]},"61":{"loc":{"start":{"line":590,"column":59},"end":{"line":590,"column":99}},"type":"default-arg","locations":[{"start":{"line":590,"column":85},"end":{"line":590,"column":99}}]},"62":{"loc":{"start":{"line":596,"column":4},"end":{"line":598,"column":5}},"type":"if","locations":[{"start":{"line":596,"column":4},"end":{"line":598,"column":5}},{"start":{},"end":{}}]},"63":{"loc":{"start":{"line":608,"column":2},"end":{"line":610,"column":3}},"type":"if","locations":[{"start":{"line":608,"column":2},"end":{"line":610,"column":3}},{"start":{},"end":{}}]}},"s":{"0":1,"1":1,"2":1,"3":1,"4":1,"5":1,"6":1,"7":1,"8":1,"9":1,"10":1,"11":1,"12":1,"13":6,"14":1,"15":5,"16":5,"17":5,"18":4,"19":1,"20":5,"21":1,"22":5,"23":1,"24":1,"25":1,"26":1,"27":1,"28":1,"29":14,"30":14,"31":14,"32":14,"33":14,"34":14,"35":6,"36":22,"37":22,"38":17,"39":22,"40":4,"41":18,"42":18,"43":18,"44":18,"45":18,"46":18,"47":18,"48":18,"49":0,"50":0,"51":18,"52":18,"53":18,"54":5,"55":5,"56":4,"57":1,"58":7,"59":7,"60":2,"61":5,"62":7,"63":7,"64":7,"65":5,"66":5,"67":5,"68":5,"69":5,"70":5,"71":5,"72":5,"73":5,"74":0,"75":0,"76":7,"77":7,"78":1,"79":22,"80":17,"81":5,"82":5,"83":5,"84":5,"85":5,"86":5,"87":5,"88":1,"89":0,"90":1,"91":1,"92":1,"93":2,"94":0,"95":2,"96":1,"97":0,"98":0,"99":2,"100":2,"101":2,"102":2,"103":2,"104":2,"105":2,"106":13,"107":13,"108":13,"109":13,"110":8,"111":8,"112":8,"113":5,"114":13,"115":13,"116":13,"117":2,"118":11,"119":11,"120":3,"121":3,"122":3,"123":8,"124":17,"125":2,"126":15,"127":15,"128":15,"129":15,"130":15,"131":15,"132":15,"133":12,"134":12,"135":12,"136":12,"137":12,"138":3,"139":2,"140":1,"141":1,"142":1,"143":1,"144":1,"145":15,"146":15,"147":1,"148":1,"149":1,"150":1,"151":1,"152":1,"153":1,"154":1,"155":0,"156":1,"157":1,"158":0,"159":1,"160":1,"161":1,"162":0,"163":1,"164":0,"165":18,"166":18,"167":1,"168":1,"169":1,"170":0,"171":0,"172":0,"173":0,"174":0,"175":13,"176":11,"177":13,"178":13,"179":13,"180":8,"181":13,"182":13,"183":2,"184":0,"185":2,"186":2,"187":4,"188":0,"189":4,"190":4,"191":0,"192":0,"193":0,"194":0,"195":1,"196":1,"197":1,"198":1,"199":0,"200":0,"201":0,"202":1,"203":0,"204":1,"205":1,"206":1,"207":1,"208":1,"209":1,"210":1,"211":1,"212":1,"213":0,"214":1,"215":1,"216":1,"217":1,"218":0,"219":0,"220":1,"221":1,"222":1,"223":1,"224":0,"225":0,"226":0,"227":0,"228":0,"229":0,"230":0,"231":0,"232":0,"233":0,"234":1,"235":1,"236":0,"237":0,"238":0,"239":0,"240":0,"241":0,"242":1,"243":1,"244":14,"245":8,"246":8,"247":6,"248":14,"249":14,"250":14,"251":14,"252":14,"253":20,"254":1,"255":14,"256":1,"257":1,"258":0,"259":0,"260":0,"261":0,"262":0,"263":0,"264":0,"265":1,"266":1,"267":1,"268":1,"269":1,"270":2,"271":1,"272":1,"273":1,"274":2,"275":1,"276":2,"277":1,"278":2,"279":1,"280":1,"281":1},"f":{"0":1,"1":1,"2":6,"3":6,"4":0,"5":14,"6":6,"7":22,"8":5,"9":7,"10":7,"11":22,"12":5,"13":1,"14":2,"15":1,"16":0,"17":2,"18":17,"19":1,"20":18,"21":0,"22":13,"23":13,"24":2,"25":4,"26":0,"27":1,"28":13,"29":0,"30":0,"31":1,"32":0,"33":1,"34":0,"35":0,"36":0,"37":0,"38":0,"39":0,"40":0,"41":0,"42":0,"43":0,"44":14,"45":20,"46":1,"47":0,"48":0,"49":2,"50":2,"51":2,"52":2},"b":{"0":[1,1],"1":[1,5],"2":[4,1],"3":[1,4],"4":[5,1],"5":[14,6],"6":[0],"7":[17,5],"8":[4,18],"9":[18,0],"10":[8,10],"11":[18,18],"12":[4,1],"13":[2,5],"14":[7,7],"15":[2,5],"16":[5,0],"17":[1,4],"18":[5,5],"19":[5,0],"20":[0,0],"21":[17,5],"22":[0,1],"23":[1,1],"24":[0,2],"25":[1,1],"26":[0],"27":[1,1],"28":[1,1],"29":[1,1],"30":[1,1],"31":[8,5],"32":[13,9],"33":[0,13],"34":[13,13],"35":[2,11],"36":[3,8],"37":[2,15],"38":[15,10],"39":[15,0],"40":[12,3],"41":[12,2],"42":[12,4],"43":[2,1],"44":[1,0],"45":[0,1],"46":[0,1],"47":[1,0],"48":[0,1],"49":[11,2],"50":[8,5],"51":[0,2],"52":[2,2],"53":[0,4],"54":[4,4],"55":[1,1],"56":[1,0],"57":[0,0],"58":[0],"59":[14],"60":[8,6],"61":[0],"62":[0,0],"63":[1,1]}}
}
