TN:
SF:src/index.ts
FN:3,(anonymous_0)
FN:28,(anonymous_1)
FN:33,(anonymous_2)
FN:56,(anonymous_3)
FN:66,(anonymous_4)
FN:85,(anonymous_5)
FN:95,(anonymous_6)
FN:102,(anonymous_7)
FN:135,(anonymous_8)
FN:145,(anonymous_9)
FN:160,(anonymous_10)
FN:193,(anonymous_11)
FN:202,(anonymous_12)
FN:212,(anonymous_13)
FN:221,(anonymous_14)
FN:228,(anonymous_15)
FN:231,(anonymous_16)
FN:254,dfs
FN:308,(anonymous_18)
FN:349,(anonymous_19)
FN:387,(anonymous_20)
FN:396,(anonymous_21)
FN:407,(anonymous_22)
FN:415,(anonymous_23)
FN:424,(anonymous_24)
FN:431,(anonymous_25)
FN:437,(anonymous_26)
FN:444,(anonymous_27)
FN:464,(anonymous_28)
FN:473,(anonymous_29)
FN:481,(anonymous_30)
FN:487,(anonymous_31)
FN:500,(anonymous_32)
FN:502,defaultScheduler
FN:508,microScheduler
FN:509,(anonymous_35)
FN:518,(anonymous_36)
FN:524,macroScheduler
FN:526,(anonymous_38)
FN:529,(anonymous_39)
FN:533,schedulerLayout
FN:534,(anonymous_41)
FN:551,(anonymous_42)
FN:553,(anonymous_43)
FN:566,(anonymous_44)
FN:579,(anonymous_45)
FN:582,(anonymous_46)
FN:590,(anonymous_47)
FN:592,(anonymous_48)
FN:607,(anonymous_49)
FN:614,(anonymous_50)
FN:618,(anonymous_51)
FN:622,(anonymous_52)
FNF:53
FNH:34
FNDA:1,(anonymous_0)
FNDA:1,(anonymous_1)
FNDA:6,(anonymous_2)
FNDA:6,(anonymous_3)
FNDA:0,(anonymous_4)
FNDA:14,(anonymous_5)
FNDA:6,(anonymous_6)
FNDA:22,(anonymous_7)
FNDA:5,(anonymous_8)
FNDA:7,(anonymous_9)
FNDA:7,(anonymous_10)
FNDA:22,(anonymous_11)
FNDA:5,(anonymous_12)
FNDA:1,(anonymous_13)
FNDA:2,(anonymous_14)
FNDA:1,(anonymous_15)
FNDA:0,(anonymous_16)
FNDA:2,dfs
FNDA:17,(anonymous_18)
FNDA:1,(anonymous_19)
FNDA:18,(anonymous_20)
FNDA:0,(anonymous_21)
FNDA:13,(anonymous_22)
FNDA:13,(anonymous_23)
FNDA:2,(anonymous_24)
FNDA:4,(anonymous_25)
FNDA:0,(anonymous_26)
FNDA:1,(anonymous_27)
FNDA:13,(anonymous_28)
FNDA:0,(anonymous_29)
FNDA:0,(anonymous_30)
FNDA:1,(anonymous_31)
FNDA:0,(anonymous_32)
FNDA:1,defaultScheduler
FNDA:0,microScheduler
FNDA:0,(anonymous_35)
FNDA:0,(anonymous_36)
FNDA:0,macroScheduler
FNDA:0,(anonymous_38)
FNDA:0,(anonymous_39)
FNDA:0,schedulerLayout
FNDA:0,(anonymous_41)
FNDA:0,(anonymous_42)
FNDA:0,(anonymous_43)
FNDA:14,(anonymous_44)
FNDA:20,(anonymous_45)
FNDA:1,(anonymous_46)
FNDA:0,(anonymous_47)
FNDA:0,(anonymous_48)
FNDA:2,(anonymous_49)
FNDA:2,(anonymous_50)
FNDA:2,(anonymous_51)
FNDA:2,(anonymous_52)
DA:1,1
DA:3,1
DA:4,1
DA:5,1
DA:6,1
DA:7,1
DA:8,1
DA:17,1
DA:18,1
DA:26,1
DA:28,1
DA:29,1
DA:30,1
DA:39,6
DA:40,1
DA:43,5
DA:44,5
DA:45,5
DA:46,4
DA:48,1
DA:51,5
DA:52,1
DA:54,5
DA:58,1
DA:59,1
DA:60,1
DA:61,1
DA:63,1
DA:66,1
DA:69,14
DA:70,14
DA:79,14
DA:80,14
DA:86,14
DA:92,14
DA:96,6
DA:103,22
DA:105,22
DA:106,17
DA:108,22
DA:109,4
DA:113,18
DA:115,18
DA:116,18
DA:117,18
DA:118,18
DA:119,18
DA:121,18
DA:123,18
DA:125,0
DA:126,0
DA:129,18
DA:130,18
DA:131,18
DA:137,5
DA:139,5
DA:140,4
DA:142,1
DA:146,7
DA:155,7
DA:156,2
DA:158,5
DA:161,7
DA:162,7
DA:165,7
DA:168,5
DA:169,5
DA:170,5
DA:171,5
DA:173,5
DA:176,5
DA:177,5
DA:179,5
DA:180,5
DA:183,0
DA:184,0
DA:186,7
DA:187,7
DA:190,1
DA:195,22
DA:196,17
DA:199,5
DA:203,5
DA:204,5
DA:205,5
DA:206,5
DA:207,5
DA:208,5
DA:213,1
DA:214,0
DA:216,1
DA:217,1
DA:218,1
DA:222,2
DA:223,0
DA:225,2
DA:229,1
DA:233,0
DA:234,0
DA:255,2
DA:257,2
DA:258,2
DA:259,2
DA:261,2
DA:262,2
DA:264,2
DA:265,13
DA:270,13
DA:271,13
DA:272,13
DA:273,8
DA:274,8
DA:275,8
DA:278,5
DA:279,13
DA:287,13
DA:289,13
DA:290,2
DA:293,11
DA:295,11
DA:297,3
DA:298,3
DA:299,3
DA:302,8
DA:309,17
DA:311,15
DA:312,15
DA:313,15
DA:315,15
DA:317,15
DA:319,15
DA:321,15
DA:322,12
DA:324,12
DA:325,12
DA:326,12
DA:327,12
DA:330,3
DA:331,2
DA:337,1
DA:338,1
DA:339,1
DA:340,1
DA:341,1
DA:344,15
DA:345,15
DA:350,1
DA:351,1
DA:352,1
DA:353,1
DA:354,1
DA:355,1
DA:356,1
DA:359,1
DA:360,0
DA:363,1
DA:365,1
DA:366,0
DA:369,1
DA:376,1
DA:377,1
DA:380,0
DA:382,1
DA:383,0
DA:389,18
DA:390,18
DA:391,1
DA:392,1
DA:393,1
DA:398,0
DA:399,0
DA:400,0
DA:401,0
DA:402,0
DA:408,13
DA:409,11
DA:411,13
DA:412,13
DA:416,13
DA:417,8
DA:419,13
DA:420,13
DA:425,2
DA:426,2
DA:427,2
DA:432,4
DA:433,4
DA:434,4
DA:438,0
DA:439,0
DA:440,0
DA:441,0
DA:445,1
DA:446,1
DA:447,1
DA:448,1
DA:474,0
DA:475,0
DA:477,0
DA:481,1
DA:483,1
DA:487,1
DA:488,1
DA:489,1
DA:490,1
DA:491,1
DA:494,1
DA:500,1
DA:503,1
DA:504,1
DA:507,1
DA:509,0
DA:510,0
DA:515,1
DA:516,1
DA:517,1
DA:518,1
DA:519,0
DA:520,0
DA:525,0
DA:526,0
DA:527,0
DA:529,0
DA:530,0
DA:534,0
DA:535,0
DA:539,1
DA:551,1
DA:552,0
DA:553,0
DA:554,0
DA:555,0
DA:556,0
DA:557,0
DA:566,1
DA:568,14
DA:569,8
DA:570,8
DA:572,6
DA:574,14
DA:575,14
DA:576,14
DA:577,14
DA:578,14
DA:580,20
DA:583,1
DA:586,14
DA:590,1
DA:591,0
DA:592,0
DA:593,0
DA:594,0
DA:596,0
DA:597,0
DA:599,0
DA:603,1
DA:604,1
DA:605,1
DA:607,1
DA:608,2
DA:609,1
DA:611,1
DA:614,1
DA:615,2
DA:618,1
DA:619,2
DA:622,1
DA:623,2
DA:626,1
DA:627,1
DA:628,1
LF:271
LH:223
BRDA:3,0,0,1
BRDA:3,0,1,1
BRDA:39,1,0,1
BRDA:39,1,1,5
BRDA:45,2,0,4
BRDA:45,2,1,1
BRDA:51,3,0,1
BRDA:51,3,1,4
BRDA:51,4,0,5
BRDA:51,4,1,1
BRDA:92,5,0,14
BRDA:92,5,1,6
BRDA:102,6,0,0
BRDA:105,7,0,17
BRDA:105,7,1,5
BRDA:108,8,0,4
BRDA:108,8,1,18
BRDA:118,9,0,18
BRDA:118,9,1,0
BRDA:129,10,0,8
BRDA:129,10,1,10
BRDA:129,11,0,18
BRDA:129,11,1,18
BRDA:139,12,0,4
BRDA:139,12,1,1
BRDA:155,13,0,2
BRDA:155,13,1,5
BRDA:155,14,0,7
BRDA:155,14,1,7
BRDA:165,15,0,2
BRDA:165,15,1,5
BRDA:168,16,0,5
BRDA:168,16,1,0
BRDA:170,17,0,1
BRDA:170,17,1,4
BRDA:170,18,0,5
BRDA:170,18,1,5
BRDA:176,19,0,5
BRDA:176,19,1,0
BRDA:183,20,0,0
BRDA:183,20,1,0
BRDA:195,21,0,17
BRDA:195,21,1,5
BRDA:213,22,0,0
BRDA:213,22,1,1
BRDA:213,23,0,1
BRDA:213,23,1,1
BRDA:222,24,0,0
BRDA:222,24,1,2
BRDA:229,25,0,1
BRDA:229,25,1,1
BRDA:254,26,0,0
BRDA:258,27,0,1
BRDA:258,27,1,1
BRDA:259,28,0,1
BRDA:259,28,1,1
BRDA:261,29,0,1
BRDA:261,29,1,1
BRDA:262,30,0,1
BRDA:262,30,1,1
BRDA:272,31,0,8
BRDA:272,31,1,5
BRDA:272,32,0,13
BRDA:272,32,1,9
BRDA:279,33,0,0
BRDA:279,33,1,13
BRDA:279,34,0,13
BRDA:279,34,1,13
BRDA:289,35,0,2
BRDA:289,35,1,11
BRDA:295,36,0,3
BRDA:295,36,1,8
BRDA:309,37,0,2
BRDA:309,37,1,15
BRDA:317,38,0,15
BRDA:317,38,1,10
BRDA:319,39,0,15
BRDA:319,39,1,0
BRDA:321,40,0,12
BRDA:321,40,1,3
BRDA:326,41,0,12
BRDA:326,41,1,2
BRDA:327,42,0,12
BRDA:327,42,1,4
BRDA:330,43,0,2
BRDA:330,43,1,1
BRDA:340,44,0,1
BRDA:340,44,1,0
BRDA:359,45,0,0
BRDA:359,45,1,1
BRDA:365,46,0,0
BRDA:365,46,1,1
BRDA:376,47,0,1
BRDA:376,47,1,0
BRDA:382,48,0,0
BRDA:382,48,1,1
BRDA:408,49,0,11
BRDA:408,49,1,2
BRDA:416,50,0,8
BRDA:416,50,1,5
BRDA:425,51,0,0
BRDA:425,51,1,2
BRDA:425,52,0,2
BRDA:425,52,1,2
BRDA:432,53,0,0
BRDA:432,53,1,4
BRDA:432,54,0,4
BRDA:432,54,1,4
BRDA:487,55,0,1
BRDA:487,55,1,1
BRDA:515,56,0,1
BRDA:515,56,1,0
BRDA:525,57,0,0
BRDA:525,57,1,0
BRDA:551,58,0,0
BRDA:566,59,0,14
BRDA:568,60,0,8
BRDA:568,60,1,6
BRDA:590,61,0,0
BRDA:596,62,0,0
BRDA:596,62,1,0
BRDA:608,63,0,1
BRDA:608,63,1,1
BRF:123
BRH:98
end_of_record
