TN:
SF:src/index.ts
FN:4,(anonymous_0)
FN:29,(anonymous_1)
FN:33,(anonymous_2)
FN:86,(anonymous_3)
FN:94,(anonymous_4)
FN:105,(anonymous_5)
FN:112,(anonymous_6)
FN:147,(anonymous_7)
FN:156,(anonymous_8)
FN:171,(anonymous_9)
FN:208,(anonymous_10)
FN:221,(anonymous_11)
FN:231,(anonymous_12)
FN:242,(anonymous_13)
FN:249,(anonymous_14)
FN:253,(anonymous_15)
FN:283,dfs
FN:337,(anonymous_17)
FN:378,(anonymous_18)
FN:416,(anonymous_19)
FN:425,(anonymous_20)
FN:436,(anonymous_21)
FN:444,(anonymous_22)
FN:453,(anonymous_23)
FN:460,(anonymous_24)
FN:466,(anonymous_25)
FN:473,(anonymous_26)
FN:493,(anonymous_27)
FN:498,(anonymous_28)
FN:511,(anonymous_29)
FN:513,defaultScheduler
FN:519,microScheduler
FN:520,(anonymous_32)
FN:529,(anonymous_33)
FN:535,macroScheduler
FN:537,(anonymous_35)
FN:540,(anonymous_36)
FN:544,schedulerLayout
FN:545,(anonymous_38)
FN:554,(anonymous_39)
FN:563,(anonymous_40)
FN:566,disableDeep
FN:576,handleOneTask
FN:586,(anonymous_43)
FN:592,(anonymous_44)
FN:611,(anonymous_45)
FN:629,(anonymous_46)
FN:630,(anonymous_47)
FN:641,(anonymous_48)
FN:654,(anonymous_49)
FN:657,(anonymous_50)
FN:665,(anonymous_51)
FN:667,(anonymous_52)
FNF:53
FNH:40
FNDA:2,(anonymous_0)
FNDA:26,(anonymous_1)
FNDA:70,(anonymous_2)
FNDA:64,(anonymous_3)
FNDA:61,(anonymous_4)
FNDA:57,(anonymous_5)
FNDA:161,(anonymous_6)
FNDA:58,(anonymous_7)
FNDA:92,(anonymous_8)
FNDA:92,(anonymous_9)
FNDA:156,(anonymous_10)
FNDA:51,(anonymous_11)
FNDA:26,(anonymous_12)
FNDA:129,(anonymous_13)
FNDA:23,(anonymous_14)
FNDA:312,(anonymous_15)
FNDA:52,dfs
FNDA:128,(anonymous_17)
FNDA:5,(anonymous_18)
FNDA:128,(anonymous_19)
FNDA:0,(anonymous_20)
FNDA:77,(anonymous_21)
FNDA:77,(anonymous_22)
FNDA:32,(anonymous_23)
FNDA:12,(anonymous_24)
FNDA:0,(anonymous_25)
FNDA:4,(anonymous_26)
FNDA:77,(anonymous_27)
FNDA:2,(anonymous_28)
FNDA:0,(anonymous_29)
FNDA:23,defaultScheduler
FNDA:1,microScheduler
FNDA:1,(anonymous_32)
FNDA:0,(anonymous_33)
FNDA:0,macroScheduler
FNDA:0,(anonymous_35)
FNDA:0,(anonymous_36)
FNDA:0,schedulerLayout
FNDA:0,(anonymous_38)
FNDA:2,(anonymous_39)
FNDA:3,(anonymous_40)
FNDA:1,disableDeep
FNDA:1,handleOneTask
FNDA:1,(anonymous_43)
FNDA:1,(anonymous_44)
FNDA:0,(anonymous_45)
FNDA:0,(anonymous_46)
FNDA:0,(anonymous_47)
FNDA:61,(anonymous_48)
FNDA:53,(anonymous_49)
FNDA:0,(anonymous_50)
FNDA:8,(anonymous_51)
FNDA:20,(anonymous_52)
DA:1,2
DA:2,2
DA:4,2
DA:5,2
DA:6,2
DA:7,2
DA:8,2
DA:9,2
DA:18,2
DA:19,2
DA:27,2
DA:29,2
DA:30,26
DA:31,26
DA:39,70
DA:40,4
DA:43,66
DA:44,66
DA:45,66
DA:46,40
DA:48,26
DA:51,66
DA:52,23
DA:54,66
DA:57,26
DA:58,23
DA:59,23
DA:60,23
DA:62,26
DA:72,64
DA:73,64
DA:74,64
DA:75,64
DA:76,64
DA:77,64
DA:78,64
DA:79,64
DA:80,64
DA:81,64
DA:82,64
DA:83,2
DA:84,64
DA:87,64
DA:91,64
DA:95,61
DA:96,61
DA:97,61
DA:98,61
DA:99,30
DA:102,61
DA:106,57
DA:113,161
DA:115,161
DA:116,98
DA:118,161
DA:119,33
DA:123,128
DA:125,128
DA:126,128
DA:127,128
DA:129,128
DA:130,128
DA:131,111
DA:133,111
DA:135,128
DA:137,0
DA:138,0
DA:141,128
DA:142,128
DA:143,128
DA:149,58
DA:151,58
DA:152,33
DA:154,25
DA:166,92
DA:167,29
DA:169,63
DA:172,92
DA:174,92
DA:177,92
DA:180,63
DA:181,63
DA:182,63
DA:183,63
DA:185,63
DA:188,63
DA:189,51
DA:191,63
DA:192,63
DA:194,63
DA:197,0
DA:198,0
DA:200,92
DA:201,92
DA:202,92
DA:205,25
DA:209,156
DA:210,0
DA:214,156
DA:215,98
DA:218,58
DA:222,51
DA:223,51
DA:224,43
DA:225,43
DA:226,43
DA:227,43
DA:232,26
DA:233,0
DA:235,26
DA:237,26
DA:238,26
DA:239,26
DA:243,129
DA:244,26
DA:246,103
DA:250,23
DA:254,312
DA:274,2
DA:284,52
DA:285,52
DA:287,52
DA:288,52
DA:290,52
DA:291,52
DA:293,52
DA:294,163
DA:299,163
DA:300,163
DA:301,163
DA:302,104
DA:303,104
DA:304,104
DA:307,59
DA:308,163
DA:316,163
DA:318,163
DA:319,52
DA:321,111
DA:322,111
DA:324,111
DA:326,7
DA:327,7
DA:328,7
DA:331,104
DA:338,128
DA:340,111
DA:341,111
DA:342,111
DA:344,111
DA:346,111
DA:348,111
DA:350,111
DA:351,73
DA:353,73
DA:354,73
DA:355,73
DA:356,73
DA:359,38
DA:360,34
DA:366,4
DA:367,4
DA:368,4
DA:369,4
DA:370,4
DA:373,111
DA:374,111
DA:379,5
DA:380,5
DA:381,5
DA:382,5
DA:383,5
DA:384,5
DA:385,5
DA:388,5
DA:389,0
DA:392,5
DA:394,5
DA:395,0
DA:398,5
DA:405,5
DA:406,5
DA:409,0
DA:411,5
DA:412,1
DA:418,128
DA:419,128
DA:420,5
DA:421,5
DA:422,5
DA:427,0
DA:428,0
DA:429,0
DA:430,0
DA:431,0
DA:437,77
DA:438,45
DA:440,77
DA:441,77
DA:445,77
DA:446,61
DA:448,77
DA:449,77
DA:454,32
DA:455,32
DA:456,32
DA:461,12
DA:462,12
DA:463,12
DA:467,0
DA:468,0
DA:469,0
DA:470,0
DA:474,4
DA:475,4
DA:476,4
DA:477,4
DA:481,77
DA:483,77
DA:485,77
DA:488,77
DA:490,77
DA:492,77
DA:498,2
DA:499,2
DA:500,2
DA:501,2
DA:502,2
DA:505,2
DA:511,2
DA:514,23
DA:515,23
DA:518,2
DA:520,1
DA:521,1
DA:526,2
DA:527,2
DA:528,2
DA:529,2
DA:530,0
DA:531,0
DA:536,0
DA:537,0
DA:538,0
DA:540,0
DA:541,0
DA:545,0
DA:546,0
DA:550,2
DA:551,2
DA:552,2
DA:554,2
DA:555,2
DA:556,2
DA:559,2
DA:560,2
DA:561,2
DA:562,2
DA:563,2
DA:564,3
DA:565,3
DA:567,1
DA:568,1
DA:570,3
DA:571,3
DA:573,3
DA:577,1
DA:578,1
DA:580,1
DA:581,1
DA:582,1
DA:583,1
DA:587,1
DA:588,0
DA:589,0
DA:593,1
DA:596,1
DA:597,1
DA:599,0
DA:600,0
DA:601,0
DA:602,0
DA:609,2
DA:610,2
DA:611,2
DA:612,0
DA:613,0
DA:614,0
DA:617,2
DA:629,2
DA:630,0
DA:631,0
DA:632,0
DA:641,2
DA:643,61
DA:644,31
DA:645,31
DA:647,30
DA:649,61
DA:650,61
DA:651,61
DA:652,61
DA:653,61
DA:655,53
DA:658,0
DA:661,61
DA:665,2
DA:666,8
DA:667,8
DA:668,20
DA:669,23
DA:671,20
DA:672,12
DA:674,20
DA:676,8
DA:677,8
LF:316
LH:276
BRDA:4,0,0,2
BRDA:4,0,1,2
BRDA:39,1,0,4
BRDA:39,1,1,66
BRDA:39,2,0,70
BRDA:39,2,1,67
BRDA:45,3,0,40
BRDA:45,3,1,26
BRDA:51,4,0,23
BRDA:51,4,1,43
BRDA:51,5,0,66
BRDA:51,5,1,25
BRDA:96,6,0,61
BRDA:96,6,1,30
BRDA:98,7,0,30
BRDA:98,7,1,31
BRDA:112,8,0,0
BRDA:115,9,0,98
BRDA:115,9,1,63
BRDA:118,10,0,33
BRDA:118,10,1,128
BRDA:129,11,0,128
BRDA:129,11,1,56
BRDA:130,12,0,111
BRDA:130,12,1,17
BRDA:141,13,0,73
BRDA:141,13,1,55
BRDA:141,14,0,128
BRDA:141,14,1,128
BRDA:151,15,0,33
BRDA:151,15,1,25
BRDA:166,16,0,29
BRDA:166,16,1,63
BRDA:166,17,0,92
BRDA:166,17,1,92
BRDA:166,17,2,63
BRDA:177,18,0,29
BRDA:177,18,1,63
BRDA:180,19,0,63
BRDA:180,19,1,0
BRDA:182,20,0,25
BRDA:182,20,1,38
BRDA:182,21,0,63
BRDA:182,21,1,63
BRDA:188,22,0,51
BRDA:188,22,1,12
BRDA:197,23,0,0
BRDA:197,23,1,0
BRDA:209,24,0,0
BRDA:209,24,1,156
BRDA:214,25,0,98
BRDA:214,25,1,58
BRDA:214,26,0,156
BRDA:214,26,1,125
BRDA:214,26,2,125
BRDA:232,27,0,0
BRDA:232,27,1,26
BRDA:232,28,0,26
BRDA:232,28,1,26
BRDA:243,29,0,26
BRDA:243,29,1,103
BRDA:250,30,0,23
BRDA:250,30,1,23
BRDA:254,31,0,312
BRDA:254,31,1,312
BRDA:283,32,0,0
BRDA:287,33,0,25
BRDA:287,33,1,27
BRDA:288,34,0,25
BRDA:288,34,1,27
BRDA:290,35,0,25
BRDA:290,35,1,27
BRDA:291,36,0,25
BRDA:291,36,1,27
BRDA:294,37,0,0
BRDA:294,37,1,163
BRDA:294,38,0,163
BRDA:294,38,1,163
BRDA:301,39,0,104
BRDA:301,39,1,59
BRDA:301,40,0,163
BRDA:301,40,1,112
BRDA:308,41,0,70
BRDA:308,41,1,93
BRDA:308,42,0,163
BRDA:308,42,1,163
BRDA:318,43,0,52
BRDA:318,43,1,111
BRDA:324,44,0,7
BRDA:324,44,1,104
BRDA:324,45,0,111
BRDA:324,45,1,73
BRDA:338,46,0,17
BRDA:338,46,1,111
BRDA:346,47,0,111
BRDA:346,47,1,85
BRDA:348,48,0,111
BRDA:348,48,1,0
BRDA:350,49,0,73
BRDA:350,49,1,38
BRDA:355,50,0,73
BRDA:355,50,1,32
BRDA:356,51,0,73
BRDA:356,51,1,12
BRDA:359,52,0,34
BRDA:359,52,1,4
BRDA:369,53,0,4
BRDA:369,53,1,0
BRDA:388,54,0,0
BRDA:388,54,1,5
BRDA:394,55,0,0
BRDA:394,55,1,5
BRDA:405,56,0,5
BRDA:405,56,1,0
BRDA:411,57,0,1
BRDA:411,57,1,4
BRDA:437,58,0,45
BRDA:437,58,1,32
BRDA:445,59,0,61
BRDA:445,59,1,16
BRDA:454,60,0,0
BRDA:454,60,1,32
BRDA:454,61,0,32
BRDA:454,61,1,32
BRDA:461,62,0,0
BRDA:461,62,1,12
BRDA:461,63,0,12
BRDA:461,63,1,12
BRDA:498,64,0,2
BRDA:498,64,1,2
BRDA:526,65,0,2
BRDA:526,65,1,0
BRDA:536,66,0,0
BRDA:536,66,1,0
BRDA:551,67,0,2
BRDA:551,67,1,2
BRDA:555,68,0,2
BRDA:555,68,1,0
BRDA:577,69,0,1
BRDA:577,69,1,1
BRDA:578,70,0,1
BRDA:578,70,1,1
BRDA:587,71,0,0
BRDA:587,71,1,1
BRDA:593,72,0,1
BRDA:593,72,1,0
BRDA:599,73,0,0
BRDA:599,73,1,0
BRDA:630,74,0,0
BRDA:641,75,0,59
BRDA:643,76,0,31
BRDA:643,76,1,30
BRDA:671,77,0,12
BRDA:671,77,1,8
BRF:154
BRH:130
end_of_record
TN:
SF:src/scheduler.ts
FN:4,(anonymous_0)
FN:6,(anonymous_1)
FN:7,(anonymous_2)
FN:12,(anonymous_3)
FN:19,(anonymous_4)
FN:23,(anonymous_5)
FN:32,(anonymous_6)
FNF:7
FNH:5
FNDA:2,(anonymous_0)
FNDA:0,(anonymous_1)
FNDA:0,(anonymous_2)
FNDA:2,(anonymous_3)
FNDA:2,(anonymous_4)
FNDA:1,(anonymous_5)
FNDA:1,(anonymous_6)
DA:1,2
DA:2,2
DA:5,2
DA:6,0
DA:7,0
DA:8,0
DA:12,2
DA:13,2
DA:18,2
DA:20,2
DA:21,2
DA:24,1
DA:25,1
DA:26,1
DA:27,1
DA:28,1
DA:33,1
DA:34,1
DA:35,1
DA:36,1
DA:38,1
DA:41,1
DA:42,0
DA:43,0
DA:47,1
DA:48,1
DA:51,0
LF:27
LH:21
BRDA:3,0,0,2
BRDA:3,0,1,2
BRDA:5,1,0,0
BRDA:5,1,1,2
BRDA:26,2,0,1
BRDA:26,2,1,0
BRDA:36,3,0,0
BRDA:36,3,1,1
BRDA:41,4,0,0
BRDA:41,4,1,1
BRDA:48,5,0,1
BRDA:48,5,1,0
BRF:12
BRH:7
end_of_record
